[2025-12-30T18:55:13.056+0000] {taskinstance.py:1159} INFO - Dependencies all met for dep_context=non-requeueable deps ti=<TaskInstance: streaming_pipeline_monitor.alerting.send_alert scheduled__2025-12-30T18:50:00+00:00 [queued]>
[2025-12-30T18:55:13.067+0000] {taskinstance.py:1159} INFO - Dependencies all met for dep_context=requeueable deps ti=<TaskInstance: streaming_pipeline_monitor.alerting.send_alert scheduled__2025-12-30T18:50:00+00:00 [queued]>
[2025-12-30T18:55:13.067+0000] {taskinstance.py:1361} INFO - Starting attempt 1 of 2
[2025-12-30T18:55:13.082+0000] {taskinstance.py:1382} INFO - Executing <Task(PythonOperator): alerting.send_alert> on 2025-12-30 18:50:00+00:00
[2025-12-30T18:55:13.085+0000] {standard_task_runner.py:57} INFO - Started process 1278 to run task
[2025-12-30T18:55:13.088+0000] {standard_task_runner.py:84} INFO - Running: ['airflow', 'tasks', 'run', 'streaming_pipeline_monitor', 'alerting.send_alert', 'scheduled__2025-12-30T18:50:00+00:00', '--job-id', '91', '--raw', '--subdir', 'DAGS_FOLDER/streaming_pipeline_monitor_dag.py', '--cfg-path', '/tmp/tmp2s2kxt_j']
[2025-12-30T18:55:13.090+0000] {standard_task_runner.py:85} INFO - Job 91: Subtask alerting.send_alert
[2025-12-30T18:55:13.135+0000] {task_command.py:416} INFO - Running <TaskInstance: streaming_pipeline_monitor.alerting.send_alert scheduled__2025-12-30T18:50:00+00:00 [running]> on host 7f437fd3c4aa
[2025-12-30T18:55:13.208+0000] {taskinstance.py:1662} INFO - Exporting env vars: AIRFLOW_CTX_DAG_EMAIL='streaming-alerts@example.com' AIRFLOW_CTX_DAG_OWNER='streaming-ops' AIRFLOW_CTX_DAG_ID='streaming_pipeline_monitor' AIRFLOW_CTX_TASK_ID='alerting.send_alert' AIRFLOW_CTX_EXECUTION_DATE='2025-12-30T18:50:00+00:00' AIRFLOW_CTX_TRY_NUMBER='1' AIRFLOW_CTX_DAG_RUN_ID='scheduled__2025-12-30T18:50:00+00:00'
[2025-12-30T18:55:13.216+0000] {logging_mixin.py:154} INFO - ============================================================
[2025-12-30T18:55:13.216+0000] {logging_mixin.py:154} INFO - 🚨 ALERT: Streaming Pipeline Health Issue
[2025-12-30T18:55:13.216+0000] {logging_mixin.py:154} INFO - ============================================================
[2025-12-30T18:55:13.217+0000] {logging_mixin.py:154} INFO - Severity: warning
[2025-12-30T18:55:13.217+0000] {logging_mixin.py:154} INFO - Failed checks: ['throughput_ok']
[2025-12-30T18:55:13.217+0000] {logging_mixin.py:154} INFO - Message: Streaming pipeline health degraded: throughput_ok
[2025-12-30T18:55:13.217+0000] {logging_mixin.py:154} INFO - ============================================================
[2025-12-30T18:55:13.217+0000] {python.py:194} INFO - Done. Returned value was: {'type': 'streaming_alert', 'severity': 'warning', 'timestamp': '2025-12-30T18:55:13.216468', 'failed_checks': ['throughput_ok'], 'message': 'Streaming pipeline health degraded: throughput_ok'}
[2025-12-30T18:55:13.238+0000] {taskinstance.py:1400} INFO - Marking task as SUCCESS. dag_id=streaming_pipeline_monitor, task_id=alerting.send_alert, execution_date=20251230T185000, start_date=20251230T185513, end_date=20251230T185513
[2025-12-30T18:55:13.260+0000] {local_task_job_runner.py:228} INFO - Task exited with return code 0
[2025-12-30T18:55:13.285+0000] {taskinstance.py:2778} INFO - 1 downstream tasks scheduled from follow-on schedule check
