[2025-12-30T18:20:18.530+0000] {taskinstance.py:1159} INFO - Dependencies all met for dep_context=non-requeueable deps ti=<TaskInstance: taxi_batch_processing.ingest_to_avro scheduled__2025-12-29T00:00:00+00:00 [queued]>
[2025-12-30T18:20:18.541+0000] {taskinstance.py:1159} INFO - Dependencies all met for dep_context=requeueable deps ti=<TaskInstance: taxi_batch_processing.ingest_to_avro scheduled__2025-12-29T00:00:00+00:00 [queued]>
[2025-12-30T18:20:18.541+0000] {taskinstance.py:1361} INFO - Starting attempt 2 of 2
[2025-12-30T18:20:18.559+0000] {taskinstance.py:1382} INFO - Executing <Task(PythonOperator): ingest_to_avro> on 2025-12-29 00:00:00+00:00
[2025-12-30T18:20:18.566+0000] {standard_task_runner.py:57} INFO - Started process 408 to run task
[2025-12-30T18:20:18.569+0000] {standard_task_runner.py:84} INFO - Running: ['airflow', 'tasks', 'run', 'taxi_batch_processing', 'ingest_to_avro', 'scheduled__2025-12-29T00:00:00+00:00', '--job-id', '6', '--raw', '--subdir', 'DAGS_FOLDER/taxi_batch_processing_dag.py', '--cfg-path', '/tmp/tmpv05ahjk1']
[2025-12-30T18:20:18.572+0000] {standard_task_runner.py:85} INFO - Job 6: Subtask ingest_to_avro
[2025-12-30T18:20:18.828+0000] {task_command.py:416} INFO - Running <TaskInstance: taxi_batch_processing.ingest_to_avro scheduled__2025-12-29T00:00:00+00:00 [running]> on host 5cb0b3f8f092
[2025-12-30T18:20:18.938+0000] {taskinstance.py:1662} INFO - Exporting env vars: AIRFLOW_CTX_DAG_OWNER='airflow' AIRFLOW_CTX_DAG_ID='taxi_batch_processing' AIRFLOW_CTX_TASK_ID='ingest_to_avro' AIRFLOW_CTX_EXECUTION_DATE='2025-12-29T00:00:00+00:00' AIRFLOW_CTX_TRY_NUMBER='2' AIRFLOW_CTX_DAG_RUN_ID='scheduled__2025-12-29T00:00:00+00:00'
[2025-12-30T18:20:18.956+0000] {logging_mixin.py:154} WARNING - /home/airflow/.local/lib/python3.10/site-packages/airflow/utils/context.py:314 AirflowContextDeprecationWarning: Accessing 'execution_date' from the template is deprecated and will be removed in a future version. Please use 'data_interval_start' or 'logical_date' instead.
[2025-12-30T18:20:18.957+0000] {logging_mixin.py:154} INFO - Reading raw data from /opt/airflow/data/taxi_subset.csv
[2025-12-30T18:20:18.959+0000] {taskinstance.py:1937} ERROR - Task failed with exception
Traceback (most recent call last):
  File "/home/airflow/.local/lib/python3.10/site-packages/airflow/operators/python.py", line 192, in execute
    return_value = self.execute_callable()
  File "/home/airflow/.local/lib/python3.10/site-packages/airflow/operators/python.py", line 209, in execute_callable
    return self.python_callable(*self.op_args, **self.op_kwargs)
  File "/opt/airflow/dags/taxi_batch_processing_dag.py", line 39, in ingest_to_avro
    df = pd.read_csv(RAW_DATA_FILE)
  File "/home/airflow/.local/lib/python3.10/site-packages/pandas/io/parsers/readers.py", line 948, in read_csv
    return _read(filepath_or_buffer, kwds)
  File "/home/airflow/.local/lib/python3.10/site-packages/pandas/io/parsers/readers.py", line 611, in _read
    parser = TextFileReader(filepath_or_buffer, **kwds)
  File "/home/airflow/.local/lib/python3.10/site-packages/pandas/io/parsers/readers.py", line 1448, in __init__
    self._engine = self._make_engine(f, self.engine)
  File "/home/airflow/.local/lib/python3.10/site-packages/pandas/io/parsers/readers.py", line 1705, in _make_engine
    self.handles = get_handle(
  File "/home/airflow/.local/lib/python3.10/site-packages/pandas/io/common.py", line 863, in get_handle
    handle = open(
FileNotFoundError: [Errno 2] No such file or directory: '/opt/airflow/data/taxi_subset.csv'
[2025-12-30T18:20:18.968+0000] {taskinstance.py:1400} INFO - Marking task as FAILED. dag_id=taxi_batch_processing, task_id=ingest_to_avro, execution_date=20251229T000000, start_date=20251230T182018, end_date=20251230T182018
[2025-12-30T18:20:18.979+0000] {standard_task_runner.py:104} ERROR - Failed to execute job 6 for task ingest_to_avro ([Errno 2] No such file or directory: '/opt/airflow/data/taxi_subset.csv'; 408)
[2025-12-30T18:20:19.024+0000] {local_task_job_runner.py:228} INFO - Task exited with return code 1
[2025-12-30T18:20:19.192+0000] {taskinstance.py:2778} INFO - 0 downstream tasks scheduled from follow-on schedule check
