[2025-12-30T18:56:18.137+0000] {taskinstance.py:1159} INFO - Dependencies all met for dep_context=non-requeueable deps ti=<TaskInstance: taxi_api_simulation.stream_to_kafka scheduled__2025-12-30T18:50:14.877378+00:00 [queued]>
[2025-12-30T18:56:18.145+0000] {taskinstance.py:1159} INFO - Dependencies all met for dep_context=requeueable deps ti=<TaskInstance: taxi_api_simulation.stream_to_kafka scheduled__2025-12-30T18:50:14.877378+00:00 [queued]>
[2025-12-30T18:56:18.145+0000] {taskinstance.py:1361} INFO - Starting attempt 2 of 2
[2025-12-30T18:56:18.158+0000] {taskinstance.py:1382} INFO - Executing <Task(PythonOperator): stream_to_kafka> on 2025-12-30 18:50:14.877378+00:00
[2025-12-30T18:56:18.164+0000] {standard_task_runner.py:57} INFO - Started process 1354 to run task
[2025-12-30T18:56:18.167+0000] {standard_task_runner.py:84} INFO - Running: ['airflow', 'tasks', 'run', 'taxi_api_simulation', 'stream_to_kafka', 'scheduled__2025-12-30T18:50:14.877378+00:00', '--job-id', '94', '--raw', '--subdir', 'DAGS_FOLDER/taxi_api_simulation_dag.py', '--cfg-path', '/tmp/tmp7n5p6o3s']
[2025-12-30T18:56:18.169+0000] {standard_task_runner.py:85} INFO - Job 94: Subtask stream_to_kafka
[2025-12-30T18:56:18.210+0000] {task_command.py:416} INFO - Running <TaskInstance: taxi_api_simulation.stream_to_kafka scheduled__2025-12-30T18:50:14.877378+00:00 [running]> on host 7f437fd3c4aa
[2025-12-30T18:56:18.418+0000] {taskinstance.py:1662} INFO - Exporting env vars: AIRFLOW_CTX_DAG_OWNER='airflow' AIRFLOW_CTX_DAG_ID='taxi_api_simulation' AIRFLOW_CTX_TASK_ID='stream_to_kafka' AIRFLOW_CTX_EXECUTION_DATE='2025-12-30T18:50:14.877378+00:00' AIRFLOW_CTX_TRY_NUMBER='2' AIRFLOW_CTX_DAG_RUN_ID='scheduled__2025-12-30T18:50:14.877378+00:00'
[2025-12-30T18:56:18.497+0000] {conn.py:400} INFO - <BrokerConnection client_id=kafka-python-producer-1, node_id=bootstrap-0 host=kafka:29092 <connecting> [IPv4 ('172.18.0.6', 29092)]>: connecting to kafka:29092 [('172.18.0.6', 29092) IPv4]
[2025-12-30T18:56:18.500+0000] {conn.py:622} INFO - <BrokerConnection client_id=kafka-python-producer-1, node_id=bootstrap-0 host=kafka:29092 <checking_api_versions_recv> [IPv4 ('172.18.0.6', 29092)]>: Broker version identified as 2.6
[2025-12-30T18:56:18.500+0000] {conn.py:461} INFO - <BrokerConnection client_id=kafka-python-producer-1, node_id=bootstrap-0 host=kafka:29092 <connected> [IPv4 ('172.18.0.6', 29092)]>: Connection complete.
[2025-12-30T18:56:18.501+0000] {logging_mixin.py:154} INFO - ✓ Connected to Kafka on attempt 1
[2025-12-30T18:56:18.502+0000] {logging_mixin.py:154} INFO - Reading data from /opt/airflow/data/taxi_subset.csv
[2025-12-30T18:56:18.502+0000] {taskinstance.py:1937} ERROR - Task failed with exception
Traceback (most recent call last):
  File "/home/airflow/.local/lib/python3.10/site-packages/airflow/operators/python.py", line 192, in execute
    return_value = self.execute_callable()
  File "/home/airflow/.local/lib/python3.10/site-packages/airflow/operators/python.py", line 209, in execute_callable
    return self.python_callable(*self.op_args, **self.op_kwargs)
  File "/opt/airflow/dags/taxi_api_simulation_dag.py", line 55, in stream_taxi_data
    df = pd.read_csv(DATA_FILE)
  File "/home/airflow/.local/lib/python3.10/site-packages/pandas/io/parsers/readers.py", line 948, in read_csv
    return _read(filepath_or_buffer, kwds)
  File "/home/airflow/.local/lib/python3.10/site-packages/pandas/io/parsers/readers.py", line 611, in _read
    parser = TextFileReader(filepath_or_buffer, **kwds)
  File "/home/airflow/.local/lib/python3.10/site-packages/pandas/io/parsers/readers.py", line 1448, in __init__
    self._engine = self._make_engine(f, self.engine)
  File "/home/airflow/.local/lib/python3.10/site-packages/pandas/io/parsers/readers.py", line 1705, in _make_engine
    self.handles = get_handle(
  File "/home/airflow/.local/lib/python3.10/site-packages/pandas/io/common.py", line 863, in get_handle
    handle = open(
FileNotFoundError: [Errno 2] No such file or directory: '/opt/airflow/data/taxi_subset.csv'
[2025-12-30T18:56:18.512+0000] {taskinstance.py:1400} INFO - Marking task as FAILED. dag_id=taxi_api_simulation, task_id=stream_to_kafka, execution_date=20251230T185014, start_date=20251230T185618, end_date=20251230T185618
[2025-12-30T18:56:18.523+0000] {standard_task_runner.py:104} ERROR - Failed to execute job 94 for task stream_to_kafka ([Errno 2] No such file or directory: '/opt/airflow/data/taxi_subset.csv'; 1354)
[2025-12-30T18:56:18.540+0000] {local_task_job_runner.py:228} INFO - Task exited with return code 1
[2025-12-30T18:56:18.554+0000] {taskinstance.py:2778} INFO - 0 downstream tasks scheduled from follow-on schedule check
