[2025-12-30T18:30:11.874+0000] {processor.py:157} INFO - Started process (PID=794) to work on /opt/airflow/dags/lambda_architecture_pipeline_dag.py
[2025-12-30T18:30:11.875+0000] {processor.py:829} INFO - Processing file /opt/airflow/dags/lambda_architecture_pipeline_dag.py for tasks to queue
[2025-12-30T18:30:11.876+0000] {logging_mixin.py:154} INFO - [2025-12-30T18:30:11.876+0000] {dagbag.py:536} INFO - Filling up the DagBag from /opt/airflow/dags/lambda_architecture_pipeline_dag.py
[2025-12-30T18:30:12.244+0000] {processor.py:839} INFO - DAG(s) dict_keys(['lambda_architecture_pipeline']) retrieved from /opt/airflow/dags/lambda_architecture_pipeline_dag.py
[2025-12-30T18:30:12.576+0000] {logging_mixin.py:154} INFO - [2025-12-30T18:30:12.576+0000] {manager.py:499} INFO - Created Permission View: %s
[2025-12-30T18:30:12.592+0000] {logging_mixin.py:154} INFO - [2025-12-30T18:30:12.591+0000] {manager.py:499} INFO - Created Permission View: %s
[2025-12-30T18:30:12.600+0000] {logging_mixin.py:154} INFO - [2025-12-30T18:30:12.599+0000] {manager.py:499} INFO - Created Permission View: %s
[2025-12-30T18:30:12.601+0000] {logging_mixin.py:154} INFO - [2025-12-30T18:30:12.600+0000] {dag.py:2941} INFO - Sync 1 DAGs
[2025-12-30T18:30:12.619+0000] {logging_mixin.py:154} INFO - [2025-12-30T18:30:12.618+0000] {dag.py:2963} INFO - Creating ORM DAG for lambda_architecture_pipeline
[2025-12-30T18:30:12.638+0000] {logging_mixin.py:154} INFO - [2025-12-30T18:30:12.637+0000] {dag.py:3722} INFO - Setting next_dagrun for lambda_architecture_pipeline to 2025-12-29T00:00:00+00:00, run_after=2025-12-30T00:00:00+00:00
[2025-12-30T18:30:12.688+0000] {processor.py:179} INFO - Processing /opt/airflow/dags/lambda_architecture_pipeline_dag.py took 0.817 seconds
[2025-12-30T18:30:42.982+0000] {processor.py:157} INFO - Started process (PID=835) to work on /opt/airflow/dags/lambda_architecture_pipeline_dag.py
[2025-12-30T18:30:42.989+0000] {processor.py:829} INFO - Processing file /opt/airflow/dags/lambda_architecture_pipeline_dag.py for tasks to queue
[2025-12-30T18:30:42.993+0000] {logging_mixin.py:154} INFO - [2025-12-30T18:30:42.991+0000] {dagbag.py:536} INFO - Filling up the DagBag from /opt/airflow/dags/lambda_architecture_pipeline_dag.py
[2025-12-30T18:30:44.602+0000] {processor.py:839} INFO - DAG(s) dict_keys(['lambda_architecture_pipeline']) retrieved from /opt/airflow/dags/lambda_architecture_pipeline_dag.py
[2025-12-30T18:30:44.698+0000] {logging_mixin.py:154} INFO - [2025-12-30T18:30:44.697+0000] {dag.py:2941} INFO - Sync 1 DAGs
[2025-12-30T18:30:44.777+0000] {logging_mixin.py:154} INFO - [2025-12-30T18:30:44.777+0000] {dag.py:3722} INFO - Setting next_dagrun for lambda_architecture_pipeline to 2025-12-30T00:00:00+00:00, run_after=2025-12-31T00:00:00+00:00
[2025-12-30T18:30:44.812+0000] {processor.py:179} INFO - Processing /opt/airflow/dags/lambda_architecture_pipeline_dag.py took 1.902 seconds
[2025-12-30T18:31:15.131+0000] {processor.py:157} INFO - Started process (PID=862) to work on /opt/airflow/dags/lambda_architecture_pipeline_dag.py
[2025-12-30T18:31:15.132+0000] {processor.py:829} INFO - Processing file /opt/airflow/dags/lambda_architecture_pipeline_dag.py for tasks to queue
[2025-12-30T18:31:15.133+0000] {logging_mixin.py:154} INFO - [2025-12-30T18:31:15.133+0000] {dagbag.py:536} INFO - Filling up the DagBag from /opt/airflow/dags/lambda_architecture_pipeline_dag.py
[2025-12-30T18:31:15.611+0000] {processor.py:839} INFO - DAG(s) dict_keys(['lambda_architecture_pipeline']) retrieved from /opt/airflow/dags/lambda_architecture_pipeline_dag.py
[2025-12-30T18:31:15.646+0000] {logging_mixin.py:154} INFO - [2025-12-30T18:31:15.646+0000] {dag.py:2941} INFO - Sync 1 DAGs
[2025-12-30T18:31:15.672+0000] {logging_mixin.py:154} INFO - [2025-12-30T18:31:15.672+0000] {dag.py:3722} INFO - Setting next_dagrun for lambda_architecture_pipeline to 2025-12-30T00:00:00+00:00, run_after=2025-12-31T00:00:00+00:00
[2025-12-30T18:31:15.694+0000] {processor.py:179} INFO - Processing /opt/airflow/dags/lambda_architecture_pipeline_dag.py took 0.566 seconds
[2025-12-30T18:31:47.736+0000] {processor.py:157} INFO - Started process (PID=902) to work on /opt/airflow/dags/lambda_architecture_pipeline_dag.py
[2025-12-30T18:31:47.738+0000] {processor.py:829} INFO - Processing file /opt/airflow/dags/lambda_architecture_pipeline_dag.py for tasks to queue
[2025-12-30T18:31:47.740+0000] {logging_mixin.py:154} INFO - [2025-12-30T18:31:47.739+0000] {dagbag.py:536} INFO - Filling up the DagBag from /opt/airflow/dags/lambda_architecture_pipeline_dag.py
[2025-12-30T18:31:48.958+0000] {processor.py:839} INFO - DAG(s) dict_keys(['lambda_architecture_pipeline']) retrieved from /opt/airflow/dags/lambda_architecture_pipeline_dag.py
[2025-12-30T18:31:49.014+0000] {logging_mixin.py:154} INFO - [2025-12-30T18:31:49.013+0000] {dag.py:2941} INFO - Sync 1 DAGs
[2025-12-30T18:31:49.277+0000] {logging_mixin.py:154} INFO - [2025-12-30T18:31:49.276+0000] {dag.py:3722} INFO - Setting next_dagrun for lambda_architecture_pipeline to 2025-12-30T00:00:00+00:00, run_after=2025-12-31T00:00:00+00:00
[2025-12-30T18:31:49.307+0000] {processor.py:179} INFO - Processing /opt/airflow/dags/lambda_architecture_pipeline_dag.py took 1.576 seconds
[2025-12-30T18:32:19.648+0000] {processor.py:157} INFO - Started process (PID=927) to work on /opt/airflow/dags/lambda_architecture_pipeline_dag.py
[2025-12-30T18:32:19.649+0000] {processor.py:829} INFO - Processing file /opt/airflow/dags/lambda_architecture_pipeline_dag.py for tasks to queue
[2025-12-30T18:32:19.650+0000] {logging_mixin.py:154} INFO - [2025-12-30T18:32:19.649+0000] {dagbag.py:536} INFO - Filling up the DagBag from /opt/airflow/dags/lambda_architecture_pipeline_dag.py
[2025-12-30T18:32:20.351+0000] {processor.py:839} INFO - DAG(s) dict_keys(['lambda_architecture_pipeline']) retrieved from /opt/airflow/dags/lambda_architecture_pipeline_dag.py
[2025-12-30T18:32:20.392+0000] {logging_mixin.py:154} INFO - [2025-12-30T18:32:20.391+0000] {dag.py:2941} INFO - Sync 1 DAGs
[2025-12-30T18:32:20.415+0000] {logging_mixin.py:154} INFO - [2025-12-30T18:32:20.415+0000] {dag.py:3722} INFO - Setting next_dagrun for lambda_architecture_pipeline to 2025-12-30T00:00:00+00:00, run_after=2025-12-31T00:00:00+00:00
[2025-12-30T18:32:20.437+0000] {processor.py:179} INFO - Processing /opt/airflow/dags/lambda_architecture_pipeline_dag.py took 0.794 seconds
[2025-12-30T18:32:38.631+0000] {processor.py:157} INFO - Started process (PID=933) to work on /opt/airflow/dags/lambda_architecture_pipeline_dag.py
[2025-12-30T18:32:38.635+0000] {processor.py:829} INFO - Processing file /opt/airflow/dags/lambda_architecture_pipeline_dag.py for tasks to queue
[2025-12-30T18:32:38.636+0000] {logging_mixin.py:154} INFO - [2025-12-30T18:32:38.635+0000] {dagbag.py:536} INFO - Filling up the DagBag from /opt/airflow/dags/lambda_architecture_pipeline_dag.py
[2025-12-30T18:32:39.188+0000] {processor.py:839} INFO - DAG(s) dict_keys(['lambda_architecture_pipeline']) retrieved from /opt/airflow/dags/lambda_architecture_pipeline_dag.py
[2025-12-30T18:32:39.222+0000] {logging_mixin.py:154} INFO - [2025-12-30T18:32:39.221+0000] {dag.py:2941} INFO - Sync 1 DAGs
[2025-12-30T18:32:39.249+0000] {logging_mixin.py:154} INFO - [2025-12-30T18:32:39.249+0000] {dag.py:3722} INFO - Setting next_dagrun for lambda_architecture_pipeline to 2025-12-30T00:00:00+00:00, run_after=2025-12-31T00:00:00+00:00
[2025-12-30T18:32:39.276+0000] {processor.py:179} INFO - Processing /opt/airflow/dags/lambda_architecture_pipeline_dag.py took 0.653 seconds
[2025-12-30T18:33:09.546+0000] {processor.py:157} INFO - Started process (PID=958) to work on /opt/airflow/dags/lambda_architecture_pipeline_dag.py
[2025-12-30T18:33:09.547+0000] {processor.py:829} INFO - Processing file /opt/airflow/dags/lambda_architecture_pipeline_dag.py for tasks to queue
[2025-12-30T18:33:09.548+0000] {logging_mixin.py:154} INFO - [2025-12-30T18:33:09.548+0000] {dagbag.py:536} INFO - Filling up the DagBag from /opt/airflow/dags/lambda_architecture_pipeline_dag.py
[2025-12-30T18:33:09.882+0000] {processor.py:839} INFO - DAG(s) dict_keys(['lambda_architecture_pipeline']) retrieved from /opt/airflow/dags/lambda_architecture_pipeline_dag.py
[2025-12-30T18:33:09.920+0000] {logging_mixin.py:154} INFO - [2025-12-30T18:33:09.919+0000] {dag.py:2941} INFO - Sync 1 DAGs
[2025-12-30T18:33:09.947+0000] {logging_mixin.py:154} INFO - [2025-12-30T18:33:09.947+0000] {dag.py:3722} INFO - Setting next_dagrun for lambda_architecture_pipeline to 2025-12-30T00:00:00+00:00, run_after=2025-12-31T00:00:00+00:00
[2025-12-30T18:33:09.976+0000] {processor.py:179} INFO - Processing /opt/airflow/dags/lambda_architecture_pipeline_dag.py took 0.434 seconds
[2025-12-30T18:33:40.795+0000] {processor.py:157} INFO - Started process (PID=983) to work on /opt/airflow/dags/lambda_architecture_pipeline_dag.py
[2025-12-30T18:33:40.801+0000] {processor.py:829} INFO - Processing file /opt/airflow/dags/lambda_architecture_pipeline_dag.py for tasks to queue
[2025-12-30T18:33:40.802+0000] {logging_mixin.py:154} INFO - [2025-12-30T18:33:40.802+0000] {dagbag.py:536} INFO - Filling up the DagBag from /opt/airflow/dags/lambda_architecture_pipeline_dag.py
[2025-12-30T18:33:41.115+0000] {processor.py:839} INFO - DAG(s) dict_keys(['lambda_architecture_pipeline']) retrieved from /opt/airflow/dags/lambda_architecture_pipeline_dag.py
[2025-12-30T18:33:41.155+0000] {logging_mixin.py:154} INFO - [2025-12-30T18:33:41.154+0000] {dag.py:2941} INFO - Sync 1 DAGs
[2025-12-30T18:33:41.194+0000] {logging_mixin.py:154} INFO - [2025-12-30T18:33:41.194+0000] {dag.py:3722} INFO - Setting next_dagrun for lambda_architecture_pipeline to 2025-12-30T00:00:00+00:00, run_after=2025-12-31T00:00:00+00:00
[2025-12-30T18:33:41.219+0000] {processor.py:179} INFO - Processing /opt/airflow/dags/lambda_architecture_pipeline_dag.py took 0.427 seconds
[2025-12-30T18:34:11.796+0000] {processor.py:157} INFO - Started process (PID=1008) to work on /opt/airflow/dags/lambda_architecture_pipeline_dag.py
[2025-12-30T18:34:11.799+0000] {processor.py:829} INFO - Processing file /opt/airflow/dags/lambda_architecture_pipeline_dag.py for tasks to queue
[2025-12-30T18:34:11.820+0000] {logging_mixin.py:154} INFO - [2025-12-30T18:34:11.805+0000] {dagbag.py:536} INFO - Filling up the DagBag from /opt/airflow/dags/lambda_architecture_pipeline_dag.py
[2025-12-30T18:34:12.558+0000] {processor.py:839} INFO - DAG(s) dict_keys(['lambda_architecture_pipeline']) retrieved from /opt/airflow/dags/lambda_architecture_pipeline_dag.py
[2025-12-30T18:34:12.598+0000] {logging_mixin.py:154} INFO - [2025-12-30T18:34:12.598+0000] {dag.py:2941} INFO - Sync 1 DAGs
[2025-12-30T18:34:12.818+0000] {logging_mixin.py:154} INFO - [2025-12-30T18:34:12.818+0000] {dag.py:3722} INFO - Setting next_dagrun for lambda_architecture_pipeline to 2025-12-30T00:00:00+00:00, run_after=2025-12-31T00:00:00+00:00
[2025-12-30T18:34:12.875+0000] {processor.py:179} INFO - Processing /opt/airflow/dags/lambda_architecture_pipeline_dag.py took 0.961 seconds
[2025-12-30T18:34:51.440+0000] {processor.py:157} INFO - Started process (PID=1048) to work on /opt/airflow/dags/lambda_architecture_pipeline_dag.py
[2025-12-30T18:34:51.448+0000] {processor.py:829} INFO - Processing file /opt/airflow/dags/lambda_architecture_pipeline_dag.py for tasks to queue
[2025-12-30T18:34:51.458+0000] {logging_mixin.py:154} INFO - [2025-12-30T18:34:51.453+0000] {dagbag.py:536} INFO - Filling up the DagBag from /opt/airflow/dags/lambda_architecture_pipeline_dag.py
[2025-12-30T18:34:53.204+0000] {processor.py:839} INFO - DAG(s) dict_keys(['lambda_architecture_pipeline']) retrieved from /opt/airflow/dags/lambda_architecture_pipeline_dag.py
[2025-12-30T18:34:53.369+0000] {logging_mixin.py:154} INFO - [2025-12-30T18:34:53.368+0000] {dag.py:2941} INFO - Sync 1 DAGs
[2025-12-30T18:34:53.593+0000] {logging_mixin.py:154} INFO - [2025-12-30T18:34:53.593+0000] {dag.py:3722} INFO - Setting next_dagrun for lambda_architecture_pipeline to 2025-12-30T00:00:00+00:00, run_after=2025-12-31T00:00:00+00:00
[2025-12-30T18:34:53.733+0000] {processor.py:179} INFO - Processing /opt/airflow/dags/lambda_architecture_pipeline_dag.py took 2.525 seconds
[2025-12-30T18:35:23.864+0000] {processor.py:157} INFO - Started process (PID=1119) to work on /opt/airflow/dags/lambda_architecture_pipeline_dag.py
[2025-12-30T18:35:23.866+0000] {processor.py:829} INFO - Processing file /opt/airflow/dags/lambda_architecture_pipeline_dag.py for tasks to queue
[2025-12-30T18:35:23.868+0000] {logging_mixin.py:154} INFO - [2025-12-30T18:35:23.867+0000] {dagbag.py:536} INFO - Filling up the DagBag from /opt/airflow/dags/lambda_architecture_pipeline_dag.py
[2025-12-30T18:35:24.486+0000] {processor.py:839} INFO - DAG(s) dict_keys(['lambda_architecture_pipeline']) retrieved from /opt/airflow/dags/lambda_architecture_pipeline_dag.py
[2025-12-30T18:35:24.553+0000] {logging_mixin.py:154} INFO - [2025-12-30T18:35:24.552+0000] {dag.py:2941} INFO - Sync 1 DAGs
[2025-12-30T18:35:24.610+0000] {logging_mixin.py:154} INFO - [2025-12-30T18:35:24.610+0000] {dag.py:3722} INFO - Setting next_dagrun for lambda_architecture_pipeline to 2025-12-30T00:00:00+00:00, run_after=2025-12-31T00:00:00+00:00
[2025-12-30T18:35:24.651+0000] {processor.py:179} INFO - Processing /opt/airflow/dags/lambda_architecture_pipeline_dag.py took 0.799 seconds
[2025-12-30T18:39:03.028+0000] {processor.py:157} INFO - Started process (PID=177) to work on /opt/airflow/dags/lambda_architecture_pipeline_dag.py
[2025-12-30T18:39:03.029+0000] {processor.py:829} INFO - Processing file /opt/airflow/dags/lambda_architecture_pipeline_dag.py for tasks to queue
[2025-12-30T18:39:03.030+0000] {logging_mixin.py:154} INFO - [2025-12-30T18:39:03.030+0000] {dagbag.py:536} INFO - Filling up the DagBag from /opt/airflow/dags/lambda_architecture_pipeline_dag.py
[2025-12-30T18:39:03.409+0000] {processor.py:839} INFO - DAG(s) dict_keys(['lambda_architecture_pipeline']) retrieved from /opt/airflow/dags/lambda_architecture_pipeline_dag.py
[2025-12-30T18:39:03.640+0000] {logging_mixin.py:154} INFO - [2025-12-30T18:39:03.639+0000] {dag.py:2941} INFO - Sync 1 DAGs
[2025-12-30T18:39:03.674+0000] {logging_mixin.py:154} INFO - [2025-12-30T18:39:03.674+0000] {dag.py:3722} INFO - Setting next_dagrun for lambda_architecture_pipeline to 2025-12-30T00:00:00+00:00, run_after=2025-12-31T00:00:00+00:00
[2025-12-30T18:39:03.703+0000] {processor.py:179} INFO - Processing /opt/airflow/dags/lambda_architecture_pipeline_dag.py took 0.678 seconds
[2025-12-30T18:39:34.285+0000] {processor.py:157} INFO - Started process (PID=242) to work on /opt/airflow/dags/lambda_architecture_pipeline_dag.py
[2025-12-30T18:39:34.290+0000] {processor.py:829} INFO - Processing file /opt/airflow/dags/lambda_architecture_pipeline_dag.py for tasks to queue
[2025-12-30T18:39:34.291+0000] {logging_mixin.py:154} INFO - [2025-12-30T18:39:34.291+0000] {dagbag.py:536} INFO - Filling up the DagBag from /opt/airflow/dags/lambda_architecture_pipeline_dag.py
[2025-12-30T18:39:34.730+0000] {processor.py:839} INFO - DAG(s) dict_keys(['lambda_architecture_pipeline']) retrieved from /opt/airflow/dags/lambda_architecture_pipeline_dag.py
[2025-12-30T18:39:34.757+0000] {logging_mixin.py:154} INFO - [2025-12-30T18:39:34.757+0000] {dag.py:2941} INFO - Sync 1 DAGs
[2025-12-30T18:39:34.778+0000] {logging_mixin.py:154} INFO - [2025-12-30T18:39:34.777+0000] {dag.py:3722} INFO - Setting next_dagrun for lambda_architecture_pipeline to 2025-12-30T00:00:00+00:00, run_after=2025-12-31T00:00:00+00:00
[2025-12-30T18:39:34.797+0000] {processor.py:179} INFO - Processing /opt/airflow/dags/lambda_architecture_pipeline_dag.py took 0.515 seconds
[2025-12-30T18:40:05.496+0000] {processor.py:157} INFO - Started process (PID=286) to work on /opt/airflow/dags/lambda_architecture_pipeline_dag.py
[2025-12-30T18:40:05.497+0000] {processor.py:829} INFO - Processing file /opt/airflow/dags/lambda_architecture_pipeline_dag.py for tasks to queue
[2025-12-30T18:40:05.498+0000] {logging_mixin.py:154} INFO - [2025-12-30T18:40:05.498+0000] {dagbag.py:536} INFO - Filling up the DagBag from /opt/airflow/dags/lambda_architecture_pipeline_dag.py
[2025-12-30T18:40:05.924+0000] {processor.py:839} INFO - DAG(s) dict_keys(['lambda_architecture_pipeline']) retrieved from /opt/airflow/dags/lambda_architecture_pipeline_dag.py
[2025-12-30T18:40:05.957+0000] {logging_mixin.py:154} INFO - [2025-12-30T18:40:05.956+0000] {dag.py:2941} INFO - Sync 1 DAGs
[2025-12-30T18:40:05.982+0000] {logging_mixin.py:154} INFO - [2025-12-30T18:40:05.982+0000] {dag.py:3722} INFO - Setting next_dagrun for lambda_architecture_pipeline to 2025-12-30T00:00:00+00:00, run_after=2025-12-31T00:00:00+00:00
[2025-12-30T18:40:06.048+0000] {processor.py:179} INFO - Processing /opt/airflow/dags/lambda_architecture_pipeline_dag.py took 0.556 seconds
[2025-12-30T18:40:36.836+0000] {processor.py:157} INFO - Started process (PID=328) to work on /opt/airflow/dags/lambda_architecture_pipeline_dag.py
[2025-12-30T18:40:36.838+0000] {processor.py:829} INFO - Processing file /opt/airflow/dags/lambda_architecture_pipeline_dag.py for tasks to queue
[2025-12-30T18:40:36.840+0000] {logging_mixin.py:154} INFO - [2025-12-30T18:40:36.840+0000] {dagbag.py:536} INFO - Filling up the DagBag from /opt/airflow/dags/lambda_architecture_pipeline_dag.py
[2025-12-30T18:40:37.707+0000] {processor.py:839} INFO - DAG(s) dict_keys(['lambda_architecture_pipeline']) retrieved from /opt/airflow/dags/lambda_architecture_pipeline_dag.py
[2025-12-30T18:40:37.757+0000] {logging_mixin.py:154} INFO - [2025-12-30T18:40:37.756+0000] {dag.py:2941} INFO - Sync 1 DAGs
[2025-12-30T18:40:37.806+0000] {logging_mixin.py:154} INFO - [2025-12-30T18:40:37.806+0000] {dag.py:3722} INFO - Setting next_dagrun for lambda_architecture_pipeline to 2025-12-30T00:00:00+00:00, run_after=2025-12-31T00:00:00+00:00
[2025-12-30T18:40:37.841+0000] {processor.py:179} INFO - Processing /opt/airflow/dags/lambda_architecture_pipeline_dag.py took 1.012 seconds
[2025-12-30T18:41:08.453+0000] {processor.py:157} INFO - Started process (PID=361) to work on /opt/airflow/dags/lambda_architecture_pipeline_dag.py
[2025-12-30T18:41:08.455+0000] {processor.py:829} INFO - Processing file /opt/airflow/dags/lambda_architecture_pipeline_dag.py for tasks to queue
[2025-12-30T18:41:08.457+0000] {logging_mixin.py:154} INFO - [2025-12-30T18:41:08.456+0000] {dagbag.py:536} INFO - Filling up the DagBag from /opt/airflow/dags/lambda_architecture_pipeline_dag.py
[2025-12-30T18:41:09.040+0000] {processor.py:839} INFO - DAG(s) dict_keys(['lambda_architecture_pipeline']) retrieved from /opt/airflow/dags/lambda_architecture_pipeline_dag.py
[2025-12-30T18:41:09.093+0000] {logging_mixin.py:154} INFO - [2025-12-30T18:41:09.092+0000] {dag.py:2941} INFO - Sync 1 DAGs
[2025-12-30T18:41:09.140+0000] {logging_mixin.py:154} INFO - [2025-12-30T18:41:09.139+0000] {dag.py:3722} INFO - Setting next_dagrun for lambda_architecture_pipeline to 2025-12-30T00:00:00+00:00, run_after=2025-12-31T00:00:00+00:00
[2025-12-30T18:41:09.172+0000] {processor.py:179} INFO - Processing /opt/airflow/dags/lambda_architecture_pipeline_dag.py took 0.725 seconds
[2025-12-30T18:41:39.514+0000] {processor.py:157} INFO - Started process (PID=395) to work on /opt/airflow/dags/lambda_architecture_pipeline_dag.py
[2025-12-30T18:41:39.515+0000] {processor.py:829} INFO - Processing file /opt/airflow/dags/lambda_architecture_pipeline_dag.py for tasks to queue
[2025-12-30T18:41:39.516+0000] {logging_mixin.py:154} INFO - [2025-12-30T18:41:39.516+0000] {dagbag.py:536} INFO - Filling up the DagBag from /opt/airflow/dags/lambda_architecture_pipeline_dag.py
[2025-12-30T18:41:39.853+0000] {processor.py:839} INFO - DAG(s) dict_keys(['lambda_architecture_pipeline']) retrieved from /opt/airflow/dags/lambda_architecture_pipeline_dag.py
[2025-12-30T18:41:39.898+0000] {logging_mixin.py:154} INFO - [2025-12-30T18:41:39.898+0000] {dag.py:2941} INFO - Sync 1 DAGs
[2025-12-30T18:41:39.931+0000] {logging_mixin.py:154} INFO - [2025-12-30T18:41:39.930+0000] {dag.py:3722} INFO - Setting next_dagrun for lambda_architecture_pipeline to 2025-12-30T00:00:00+00:00, run_after=2025-12-31T00:00:00+00:00
[2025-12-30T18:41:39.968+0000] {processor.py:179} INFO - Processing /opt/airflow/dags/lambda_architecture_pipeline_dag.py took 0.457 seconds
[2025-12-30T18:42:10.149+0000] {processor.py:157} INFO - Started process (PID=425) to work on /opt/airflow/dags/lambda_architecture_pipeline_dag.py
[2025-12-30T18:42:10.150+0000] {processor.py:829} INFO - Processing file /opt/airflow/dags/lambda_architecture_pipeline_dag.py for tasks to queue
[2025-12-30T18:42:10.151+0000] {logging_mixin.py:154} INFO - [2025-12-30T18:42:10.151+0000] {dagbag.py:536} INFO - Filling up the DagBag from /opt/airflow/dags/lambda_architecture_pipeline_dag.py
[2025-12-30T18:42:10.424+0000] {processor.py:839} INFO - DAG(s) dict_keys(['lambda_architecture_pipeline']) retrieved from /opt/airflow/dags/lambda_architecture_pipeline_dag.py
[2025-12-30T18:42:10.455+0000] {logging_mixin.py:154} INFO - [2025-12-30T18:42:10.454+0000] {dag.py:2941} INFO - Sync 1 DAGs
[2025-12-30T18:42:10.479+0000] {logging_mixin.py:154} INFO - [2025-12-30T18:42:10.479+0000] {dag.py:3722} INFO - Setting next_dagrun for lambda_architecture_pipeline to 2025-12-30T00:00:00+00:00, run_after=2025-12-31T00:00:00+00:00
[2025-12-30T18:42:10.500+0000] {processor.py:179} INFO - Processing /opt/airflow/dags/lambda_architecture_pipeline_dag.py took 0.355 seconds
[2025-12-30T18:42:41.261+0000] {processor.py:157} INFO - Started process (PID=455) to work on /opt/airflow/dags/lambda_architecture_pipeline_dag.py
[2025-12-30T18:42:41.263+0000] {processor.py:829} INFO - Processing file /opt/airflow/dags/lambda_architecture_pipeline_dag.py for tasks to queue
[2025-12-30T18:42:41.264+0000] {logging_mixin.py:154} INFO - [2025-12-30T18:42:41.263+0000] {dagbag.py:536} INFO - Filling up the DagBag from /opt/airflow/dags/lambda_architecture_pipeline_dag.py
[2025-12-30T18:42:41.992+0000] {processor.py:839} INFO - DAG(s) dict_keys(['lambda_architecture_pipeline']) retrieved from /opt/airflow/dags/lambda_architecture_pipeline_dag.py
[2025-12-30T18:42:42.041+0000] {logging_mixin.py:154} INFO - [2025-12-30T18:42:42.041+0000] {dag.py:2941} INFO - Sync 1 DAGs
[2025-12-30T18:42:42.084+0000] {logging_mixin.py:154} INFO - [2025-12-30T18:42:42.084+0000] {dag.py:3722} INFO - Setting next_dagrun for lambda_architecture_pipeline to 2025-12-30T00:00:00+00:00, run_after=2025-12-31T00:00:00+00:00
[2025-12-30T18:42:42.117+0000] {processor.py:179} INFO - Processing /opt/airflow/dags/lambda_architecture_pipeline_dag.py took 0.864 seconds
[2025-12-30T18:43:12.471+0000] {processor.py:157} INFO - Started process (PID=492) to work on /opt/airflow/dags/lambda_architecture_pipeline_dag.py
[2025-12-30T18:43:12.473+0000] {processor.py:829} INFO - Processing file /opt/airflow/dags/lambda_architecture_pipeline_dag.py for tasks to queue
[2025-12-30T18:43:12.474+0000] {logging_mixin.py:154} INFO - [2025-12-30T18:43:12.474+0000] {dagbag.py:536} INFO - Filling up the DagBag from /opt/airflow/dags/lambda_architecture_pipeline_dag.py
[2025-12-30T18:43:13.319+0000] {processor.py:839} INFO - DAG(s) dict_keys(['lambda_architecture_pipeline']) retrieved from /opt/airflow/dags/lambda_architecture_pipeline_dag.py
[2025-12-30T18:43:13.428+0000] {logging_mixin.py:154} INFO - [2025-12-30T18:43:13.426+0000] {dag.py:2941} INFO - Sync 1 DAGs
[2025-12-30T18:43:13.529+0000] {logging_mixin.py:154} INFO - [2025-12-30T18:43:13.528+0000] {dag.py:3722} INFO - Setting next_dagrun for lambda_architecture_pipeline to 2025-12-30T00:00:00+00:00, run_after=2025-12-31T00:00:00+00:00
[2025-12-30T18:43:13.607+0000] {processor.py:179} INFO - Processing /opt/airflow/dags/lambda_architecture_pipeline_dag.py took 1.143 seconds
[2025-12-30T18:43:44.152+0000] {processor.py:157} INFO - Started process (PID=522) to work on /opt/airflow/dags/lambda_architecture_pipeline_dag.py
[2025-12-30T18:43:44.156+0000] {processor.py:829} INFO - Processing file /opt/airflow/dags/lambda_architecture_pipeline_dag.py for tasks to queue
[2025-12-30T18:43:44.157+0000] {logging_mixin.py:154} INFO - [2025-12-30T18:43:44.157+0000] {dagbag.py:536} INFO - Filling up the DagBag from /opt/airflow/dags/lambda_architecture_pipeline_dag.py
[2025-12-30T18:43:44.582+0000] {processor.py:839} INFO - DAG(s) dict_keys(['lambda_architecture_pipeline']) retrieved from /opt/airflow/dags/lambda_architecture_pipeline_dag.py
[2025-12-30T18:43:44.610+0000] {logging_mixin.py:154} INFO - [2025-12-30T18:43:44.610+0000] {dag.py:2941} INFO - Sync 1 DAGs
[2025-12-30T18:43:44.631+0000] {logging_mixin.py:154} INFO - [2025-12-30T18:43:44.631+0000] {dag.py:3722} INFO - Setting next_dagrun for lambda_architecture_pipeline to 2025-12-30T00:00:00+00:00, run_after=2025-12-31T00:00:00+00:00
[2025-12-30T18:43:44.651+0000] {processor.py:179} INFO - Processing /opt/airflow/dags/lambda_architecture_pipeline_dag.py took 0.503 seconds
[2025-12-30T18:44:15.016+0000] {processor.py:157} INFO - Started process (PID=552) to work on /opt/airflow/dags/lambda_architecture_pipeline_dag.py
[2025-12-30T18:44:15.018+0000] {processor.py:829} INFO - Processing file /opt/airflow/dags/lambda_architecture_pipeline_dag.py for tasks to queue
[2025-12-30T18:44:15.019+0000] {logging_mixin.py:154} INFO - [2025-12-30T18:44:15.019+0000] {dagbag.py:536} INFO - Filling up the DagBag from /opt/airflow/dags/lambda_architecture_pipeline_dag.py
[2025-12-30T18:44:15.535+0000] {processor.py:839} INFO - DAG(s) dict_keys(['lambda_architecture_pipeline']) retrieved from /opt/airflow/dags/lambda_architecture_pipeline_dag.py
[2025-12-30T18:44:15.570+0000] {logging_mixin.py:154} INFO - [2025-12-30T18:44:15.569+0000] {dag.py:2941} INFO - Sync 1 DAGs
[2025-12-30T18:44:15.593+0000] {logging_mixin.py:154} INFO - [2025-12-30T18:44:15.592+0000] {dag.py:3722} INFO - Setting next_dagrun for lambda_architecture_pipeline to 2025-12-30T00:00:00+00:00, run_after=2025-12-31T00:00:00+00:00
[2025-12-30T18:44:15.616+0000] {processor.py:179} INFO - Processing /opt/airflow/dags/lambda_architecture_pipeline_dag.py took 0.604 seconds
[2025-12-30T18:44:46.384+0000] {processor.py:157} INFO - Started process (PID=582) to work on /opt/airflow/dags/lambda_architecture_pipeline_dag.py
[2025-12-30T18:44:46.390+0000] {processor.py:829} INFO - Processing file /opt/airflow/dags/lambda_architecture_pipeline_dag.py for tasks to queue
[2025-12-30T18:44:46.391+0000] {logging_mixin.py:154} INFO - [2025-12-30T18:44:46.391+0000] {dagbag.py:536} INFO - Filling up the DagBag from /opt/airflow/dags/lambda_architecture_pipeline_dag.py
[2025-12-30T18:44:47.414+0000] {processor.py:839} INFO - DAG(s) dict_keys(['lambda_architecture_pipeline']) retrieved from /opt/airflow/dags/lambda_architecture_pipeline_dag.py
[2025-12-30T18:44:47.481+0000] {logging_mixin.py:154} INFO - [2025-12-30T18:44:47.480+0000] {dag.py:2941} INFO - Sync 1 DAGs
[2025-12-30T18:44:47.534+0000] {logging_mixin.py:154} INFO - [2025-12-30T18:44:47.533+0000] {dag.py:3722} INFO - Setting next_dagrun for lambda_architecture_pipeline to 2025-12-30T00:00:00+00:00, run_after=2025-12-31T00:00:00+00:00
[2025-12-30T18:44:47.562+0000] {processor.py:179} INFO - Processing /opt/airflow/dags/lambda_architecture_pipeline_dag.py took 1.187 seconds
[2025-12-30T18:45:18.025+0000] {processor.py:157} INFO - Started process (PID=637) to work on /opt/airflow/dags/lambda_architecture_pipeline_dag.py
[2025-12-30T18:45:18.027+0000] {processor.py:829} INFO - Processing file /opt/airflow/dags/lambda_architecture_pipeline_dag.py for tasks to queue
[2025-12-30T18:45:18.031+0000] {logging_mixin.py:154} INFO - [2025-12-30T18:45:18.031+0000] {dagbag.py:536} INFO - Filling up the DagBag from /opt/airflow/dags/lambda_architecture_pipeline_dag.py
[2025-12-30T18:45:18.400+0000] {processor.py:839} INFO - DAG(s) dict_keys(['lambda_architecture_pipeline']) retrieved from /opt/airflow/dags/lambda_architecture_pipeline_dag.py
[2025-12-30T18:45:18.437+0000] {logging_mixin.py:154} INFO - [2025-12-30T18:45:18.437+0000] {dag.py:2941} INFO - Sync 1 DAGs
[2025-12-30T18:45:18.465+0000] {logging_mixin.py:154} INFO - [2025-12-30T18:45:18.464+0000] {dag.py:3722} INFO - Setting next_dagrun for lambda_architecture_pipeline to 2025-12-30T00:00:00+00:00, run_after=2025-12-31T00:00:00+00:00
[2025-12-30T18:45:18.492+0000] {processor.py:179} INFO - Processing /opt/airflow/dags/lambda_architecture_pipeline_dag.py took 0.473 seconds
[2025-12-30T18:45:49.502+0000] {processor.py:157} INFO - Started process (PID=668) to work on /opt/airflow/dags/lambda_architecture_pipeline_dag.py
[2025-12-30T18:45:49.527+0000] {processor.py:829} INFO - Processing file /opt/airflow/dags/lambda_architecture_pipeline_dag.py for tasks to queue
[2025-12-30T18:45:49.538+0000] {logging_mixin.py:154} INFO - [2025-12-30T18:45:49.534+0000] {dagbag.py:536} INFO - Filling up the DagBag from /opt/airflow/dags/lambda_architecture_pipeline_dag.py
[2025-12-30T18:45:50.286+0000] {processor.py:839} INFO - DAG(s) dict_keys(['lambda_architecture_pipeline']) retrieved from /opt/airflow/dags/lambda_architecture_pipeline_dag.py
[2025-12-30T18:45:50.401+0000] {logging_mixin.py:154} INFO - [2025-12-30T18:45:50.399+0000] {dag.py:2941} INFO - Sync 1 DAGs
[2025-12-30T18:45:50.507+0000] {logging_mixin.py:154} INFO - [2025-12-30T18:45:50.506+0000] {dag.py:3722} INFO - Setting next_dagrun for lambda_architecture_pipeline to 2025-12-30T00:00:00+00:00, run_after=2025-12-31T00:00:00+00:00
[2025-12-30T18:45:50.536+0000] {processor.py:179} INFO - Processing /opt/airflow/dags/lambda_architecture_pipeline_dag.py took 1.120 seconds
[2025-12-30T18:46:20.882+0000] {processor.py:157} INFO - Started process (PID=702) to work on /opt/airflow/dags/lambda_architecture_pipeline_dag.py
[2025-12-30T18:46:20.883+0000] {processor.py:829} INFO - Processing file /opt/airflow/dags/lambda_architecture_pipeline_dag.py for tasks to queue
[2025-12-30T18:46:20.884+0000] {logging_mixin.py:154} INFO - [2025-12-30T18:46:20.884+0000] {dagbag.py:536} INFO - Filling up the DagBag from /opt/airflow/dags/lambda_architecture_pipeline_dag.py
[2025-12-30T18:46:21.221+0000] {processor.py:839} INFO - DAG(s) dict_keys(['lambda_architecture_pipeline']) retrieved from /opt/airflow/dags/lambda_architecture_pipeline_dag.py
[2025-12-30T18:46:21.261+0000] {logging_mixin.py:154} INFO - [2025-12-30T18:46:21.260+0000] {dag.py:2941} INFO - Sync 1 DAGs
[2025-12-30T18:46:21.289+0000] {logging_mixin.py:154} INFO - [2025-12-30T18:46:21.288+0000] {dag.py:3722} INFO - Setting next_dagrun for lambda_architecture_pipeline to 2025-12-30T00:00:00+00:00, run_after=2025-12-31T00:00:00+00:00
[2025-12-30T18:46:21.315+0000] {processor.py:179} INFO - Processing /opt/airflow/dags/lambda_architecture_pipeline_dag.py took 0.438 seconds
[2025-12-30T18:46:51.435+0000] {processor.py:157} INFO - Started process (PID=732) to work on /opt/airflow/dags/lambda_architecture_pipeline_dag.py
[2025-12-30T18:46:51.437+0000] {processor.py:829} INFO - Processing file /opt/airflow/dags/lambda_architecture_pipeline_dag.py for tasks to queue
[2025-12-30T18:46:51.438+0000] {logging_mixin.py:154} INFO - [2025-12-30T18:46:51.437+0000] {dagbag.py:536} INFO - Filling up the DagBag from /opt/airflow/dags/lambda_architecture_pipeline_dag.py
[2025-12-30T18:46:51.732+0000] {processor.py:839} INFO - DAG(s) dict_keys(['lambda_architecture_pipeline']) retrieved from /opt/airflow/dags/lambda_architecture_pipeline_dag.py
[2025-12-30T18:46:51.767+0000] {logging_mixin.py:154} INFO - [2025-12-30T18:46:51.767+0000] {dag.py:2941} INFO - Sync 1 DAGs
[2025-12-30T18:46:51.794+0000] {logging_mixin.py:154} INFO - [2025-12-30T18:46:51.793+0000] {dag.py:3722} INFO - Setting next_dagrun for lambda_architecture_pipeline to 2025-12-30T00:00:00+00:00, run_after=2025-12-31T00:00:00+00:00
[2025-12-30T18:46:51.818+0000] {processor.py:179} INFO - Processing /opt/airflow/dags/lambda_architecture_pipeline_dag.py took 0.386 seconds
