[2025-12-30T18:15:11.199+0000] {processor.py:157} INFO - Started process (PID=181) to work on /opt/airflow/dags/taxi_api_simulation_dag.py
[2025-12-30T18:15:11.202+0000] {processor.py:829} INFO - Processing file /opt/airflow/dags/taxi_api_simulation_dag.py for tasks to queue
[2025-12-30T18:15:11.204+0000] {logging_mixin.py:154} INFO - [2025-12-30T18:15:11.203+0000] {dagbag.py:536} INFO - Filling up the DagBag from /opt/airflow/dags/taxi_api_simulation_dag.py
[2025-12-30T18:15:14.425+0000] {processor.py:839} INFO - DAG(s) dict_keys(['taxi_api_simulation']) retrieved from /opt/airflow/dags/taxi_api_simulation_dag.py
[2025-12-30T18:15:14.824+0000] {logging_mixin.py:154} INFO - [2025-12-30T18:15:14.824+0000] {manager.py:499} INFO - Created Permission View: %s
[2025-12-30T18:15:14.837+0000] {logging_mixin.py:154} INFO - [2025-12-30T18:15:14.837+0000] {manager.py:499} INFO - Created Permission View: %s
[2025-12-30T18:15:14.851+0000] {logging_mixin.py:154} INFO - [2025-12-30T18:15:14.850+0000] {manager.py:499} INFO - Created Permission View: %s
[2025-12-30T18:15:14.852+0000] {logging_mixin.py:154} INFO - [2025-12-30T18:15:14.851+0000] {dag.py:2941} INFO - Sync 1 DAGs
[2025-12-30T18:15:14.864+0000] {logging_mixin.py:154} INFO - [2025-12-30T18:15:14.864+0000] {dag.py:2963} INFO - Creating ORM DAG for taxi_api_simulation
[2025-12-30T18:15:14.877+0000] {logging_mixin.py:154} INFO - [2025-12-30T18:15:14.877+0000] {dag.py:3722} INFO - Setting next_dagrun for taxi_api_simulation to 2025-12-30T18:10:14.877378+00:00, run_after=2025-12-30T18:15:14.877378+00:00
[2025-12-30T18:15:14.906+0000] {processor.py:179} INFO - Processing /opt/airflow/dags/taxi_api_simulation_dag.py took 3.712 seconds
[2025-12-30T18:15:45.255+0000] {processor.py:157} INFO - Started process (PID=223) to work on /opt/airflow/dags/taxi_api_simulation_dag.py
[2025-12-30T18:15:45.257+0000] {processor.py:829} INFO - Processing file /opt/airflow/dags/taxi_api_simulation_dag.py for tasks to queue
[2025-12-30T18:15:45.258+0000] {logging_mixin.py:154} INFO - [2025-12-30T18:15:45.257+0000] {dagbag.py:536} INFO - Filling up the DagBag from /opt/airflow/dags/taxi_api_simulation_dag.py
[2025-12-30T18:15:45.642+0000] {processor.py:839} INFO - DAG(s) dict_keys(['taxi_api_simulation']) retrieved from /opt/airflow/dags/taxi_api_simulation_dag.py
[2025-12-30T18:15:45.670+0000] {logging_mixin.py:154} INFO - [2025-12-30T18:15:45.669+0000] {dag.py:2941} INFO - Sync 1 DAGs
[2025-12-30T18:15:45.700+0000] {logging_mixin.py:154} INFO - [2025-12-30T18:15:45.700+0000] {dag.py:3722} INFO - Setting next_dagrun for taxi_api_simulation to 2025-12-30T18:15:14.877378+00:00, run_after=2025-12-30T18:20:14.877378+00:00
[2025-12-30T18:15:45.726+0000] {processor.py:179} INFO - Processing /opt/airflow/dags/taxi_api_simulation_dag.py took 0.477 seconds
[2025-12-30T18:16:16.109+0000] {processor.py:157} INFO - Started process (PID=247) to work on /opt/airflow/dags/taxi_api_simulation_dag.py
[2025-12-30T18:16:16.111+0000] {processor.py:829} INFO - Processing file /opt/airflow/dags/taxi_api_simulation_dag.py for tasks to queue
[2025-12-30T18:16:16.112+0000] {logging_mixin.py:154} INFO - [2025-12-30T18:16:16.112+0000] {dagbag.py:536} INFO - Filling up the DagBag from /opt/airflow/dags/taxi_api_simulation_dag.py
[2025-12-30T18:16:16.597+0000] {processor.py:839} INFO - DAG(s) dict_keys(['taxi_api_simulation']) retrieved from /opt/airflow/dags/taxi_api_simulation_dag.py
[2025-12-30T18:16:16.628+0000] {logging_mixin.py:154} INFO - [2025-12-30T18:16:16.627+0000] {dag.py:2941} INFO - Sync 1 DAGs
[2025-12-30T18:16:16.654+0000] {logging_mixin.py:154} INFO - [2025-12-30T18:16:16.653+0000] {dag.py:3722} INFO - Setting next_dagrun for taxi_api_simulation to 2025-12-30T18:15:14.877378+00:00, run_after=2025-12-30T18:20:14.877378+00:00
[2025-12-30T18:16:16.677+0000] {processor.py:179} INFO - Processing /opt/airflow/dags/taxi_api_simulation_dag.py took 0.579 seconds
[2025-12-30T18:16:46.981+0000] {processor.py:157} INFO - Started process (PID=270) to work on /opt/airflow/dags/taxi_api_simulation_dag.py
[2025-12-30T18:16:46.987+0000] {processor.py:829} INFO - Processing file /opt/airflow/dags/taxi_api_simulation_dag.py for tasks to queue
[2025-12-30T18:16:46.988+0000] {logging_mixin.py:154} INFO - [2025-12-30T18:16:46.988+0000] {dagbag.py:536} INFO - Filling up the DagBag from /opt/airflow/dags/taxi_api_simulation_dag.py
[2025-12-30T18:16:47.310+0000] {processor.py:839} INFO - DAG(s) dict_keys(['taxi_api_simulation']) retrieved from /opt/airflow/dags/taxi_api_simulation_dag.py
[2025-12-30T18:16:47.342+0000] {logging_mixin.py:154} INFO - [2025-12-30T18:16:47.341+0000] {dag.py:2941} INFO - Sync 1 DAGs
[2025-12-30T18:16:47.365+0000] {logging_mixin.py:154} INFO - [2025-12-30T18:16:47.364+0000] {dag.py:3722} INFO - Setting next_dagrun for taxi_api_simulation to 2025-12-30T18:15:14.877378+00:00, run_after=2025-12-30T18:20:14.877378+00:00
[2025-12-30T18:16:47.398+0000] {processor.py:179} INFO - Processing /opt/airflow/dags/taxi_api_simulation_dag.py took 0.421 seconds
[2025-12-30T18:17:17.707+0000] {processor.py:157} INFO - Started process (PID=290) to work on /opt/airflow/dags/taxi_api_simulation_dag.py
[2025-12-30T18:17:17.709+0000] {processor.py:829} INFO - Processing file /opt/airflow/dags/taxi_api_simulation_dag.py for tasks to queue
[2025-12-30T18:17:17.710+0000] {logging_mixin.py:154} INFO - [2025-12-30T18:17:17.709+0000] {dagbag.py:536} INFO - Filling up the DagBag from /opt/airflow/dags/taxi_api_simulation_dag.py
[2025-12-30T18:17:18.034+0000] {processor.py:839} INFO - DAG(s) dict_keys(['taxi_api_simulation']) retrieved from /opt/airflow/dags/taxi_api_simulation_dag.py
[2025-12-30T18:17:18.066+0000] {logging_mixin.py:154} INFO - [2025-12-30T18:17:18.065+0000] {dag.py:2941} INFO - Sync 1 DAGs
[2025-12-30T18:17:18.094+0000] {logging_mixin.py:154} INFO - [2025-12-30T18:17:18.094+0000] {dag.py:3722} INFO - Setting next_dagrun for taxi_api_simulation to 2025-12-30T18:15:14.877378+00:00, run_after=2025-12-30T18:20:14.877378+00:00
[2025-12-30T18:17:18.123+0000] {processor.py:179} INFO - Processing /opt/airflow/dags/taxi_api_simulation_dag.py took 0.420 seconds
[2025-12-30T18:17:48.490+0000] {processor.py:157} INFO - Started process (PID=309) to work on /opt/airflow/dags/taxi_api_simulation_dag.py
[2025-12-30T18:17:48.492+0000] {processor.py:829} INFO - Processing file /opt/airflow/dags/taxi_api_simulation_dag.py for tasks to queue
[2025-12-30T18:17:48.493+0000] {logging_mixin.py:154} INFO - [2025-12-30T18:17:48.492+0000] {dagbag.py:536} INFO - Filling up the DagBag from /opt/airflow/dags/taxi_api_simulation_dag.py
[2025-12-30T18:17:49.004+0000] {processor.py:839} INFO - DAG(s) dict_keys(['taxi_api_simulation']) retrieved from /opt/airflow/dags/taxi_api_simulation_dag.py
[2025-12-30T18:17:49.043+0000] {logging_mixin.py:154} INFO - [2025-12-30T18:17:49.042+0000] {dag.py:2941} INFO - Sync 1 DAGs
[2025-12-30T18:17:49.099+0000] {logging_mixin.py:154} INFO - [2025-12-30T18:17:49.099+0000] {dag.py:3722} INFO - Setting next_dagrun for taxi_api_simulation to 2025-12-30T18:15:14.877378+00:00, run_after=2025-12-30T18:20:14.877378+00:00
[2025-12-30T18:17:49.155+0000] {processor.py:179} INFO - Processing /opt/airflow/dags/taxi_api_simulation_dag.py took 0.669 seconds
[2025-12-30T18:18:19.553+0000] {processor.py:157} INFO - Started process (PID=328) to work on /opt/airflow/dags/taxi_api_simulation_dag.py
[2025-12-30T18:18:19.555+0000] {processor.py:829} INFO - Processing file /opt/airflow/dags/taxi_api_simulation_dag.py for tasks to queue
[2025-12-30T18:18:19.556+0000] {logging_mixin.py:154} INFO - [2025-12-30T18:18:19.556+0000] {dagbag.py:536} INFO - Filling up the DagBag from /opt/airflow/dags/taxi_api_simulation_dag.py
[2025-12-30T18:18:20.239+0000] {processor.py:839} INFO - DAG(s) dict_keys(['taxi_api_simulation']) retrieved from /opt/airflow/dags/taxi_api_simulation_dag.py
[2025-12-30T18:18:20.290+0000] {logging_mixin.py:154} INFO - [2025-12-30T18:18:20.290+0000] {dag.py:2941} INFO - Sync 1 DAGs
[2025-12-30T18:18:20.329+0000] {logging_mixin.py:154} INFO - [2025-12-30T18:18:20.328+0000] {dag.py:3722} INFO - Setting next_dagrun for taxi_api_simulation to 2025-12-30T18:15:14.877378+00:00, run_after=2025-12-30T18:20:14.877378+00:00
[2025-12-30T18:18:20.361+0000] {processor.py:179} INFO - Processing /opt/airflow/dags/taxi_api_simulation_dag.py took 0.814 seconds
[2025-12-30T18:18:50.707+0000] {processor.py:157} INFO - Started process (PID=348) to work on /opt/airflow/dags/taxi_api_simulation_dag.py
[2025-12-30T18:18:50.709+0000] {processor.py:829} INFO - Processing file /opt/airflow/dags/taxi_api_simulation_dag.py for tasks to queue
[2025-12-30T18:18:50.710+0000] {logging_mixin.py:154} INFO - [2025-12-30T18:18:50.709+0000] {dagbag.py:536} INFO - Filling up the DagBag from /opt/airflow/dags/taxi_api_simulation_dag.py
[2025-12-30T18:18:51.034+0000] {processor.py:839} INFO - DAG(s) dict_keys(['taxi_api_simulation']) retrieved from /opt/airflow/dags/taxi_api_simulation_dag.py
[2025-12-30T18:18:51.069+0000] {logging_mixin.py:154} INFO - [2025-12-30T18:18:51.069+0000] {dag.py:2941} INFO - Sync 1 DAGs
[2025-12-30T18:18:51.102+0000] {logging_mixin.py:154} INFO - [2025-12-30T18:18:51.102+0000] {dag.py:3722} INFO - Setting next_dagrun for taxi_api_simulation to 2025-12-30T18:15:14.877378+00:00, run_after=2025-12-30T18:20:14.877378+00:00
[2025-12-30T18:18:51.136+0000] {processor.py:179} INFO - Processing /opt/airflow/dags/taxi_api_simulation_dag.py took 0.433 seconds
[2025-12-30T18:19:21.542+0000] {processor.py:157} INFO - Started process (PID=367) to work on /opt/airflow/dags/taxi_api_simulation_dag.py
[2025-12-30T18:19:21.544+0000] {processor.py:829} INFO - Processing file /opt/airflow/dags/taxi_api_simulation_dag.py for tasks to queue
[2025-12-30T18:19:21.545+0000] {logging_mixin.py:154} INFO - [2025-12-30T18:19:21.545+0000] {dagbag.py:536} INFO - Filling up the DagBag from /opt/airflow/dags/taxi_api_simulation_dag.py
[2025-12-30T18:19:21.863+0000] {processor.py:839} INFO - DAG(s) dict_keys(['taxi_api_simulation']) retrieved from /opt/airflow/dags/taxi_api_simulation_dag.py
[2025-12-30T18:19:21.893+0000] {logging_mixin.py:154} INFO - [2025-12-30T18:19:21.892+0000] {dag.py:2941} INFO - Sync 1 DAGs
[2025-12-30T18:19:21.918+0000] {logging_mixin.py:154} INFO - [2025-12-30T18:19:21.918+0000] {dag.py:3722} INFO - Setting next_dagrun for taxi_api_simulation to 2025-12-30T18:15:14.877378+00:00, run_after=2025-12-30T18:20:14.877378+00:00
[2025-12-30T18:19:21.938+0000] {processor.py:179} INFO - Processing /opt/airflow/dags/taxi_api_simulation_dag.py took 0.401 seconds
[2025-12-30T18:19:52.280+0000] {processor.py:157} INFO - Started process (PID=386) to work on /opt/airflow/dags/taxi_api_simulation_dag.py
[2025-12-30T18:19:52.281+0000] {processor.py:829} INFO - Processing file /opt/airflow/dags/taxi_api_simulation_dag.py for tasks to queue
[2025-12-30T18:19:52.282+0000] {logging_mixin.py:154} INFO - [2025-12-30T18:19:52.281+0000] {dagbag.py:536} INFO - Filling up the DagBag from /opt/airflow/dags/taxi_api_simulation_dag.py
[2025-12-30T18:19:52.814+0000] {processor.py:839} INFO - DAG(s) dict_keys(['taxi_api_simulation']) retrieved from /opt/airflow/dags/taxi_api_simulation_dag.py
[2025-12-30T18:19:52.846+0000] {logging_mixin.py:154} INFO - [2025-12-30T18:19:52.846+0000] {dag.py:2941} INFO - Sync 1 DAGs
[2025-12-30T18:19:52.875+0000] {logging_mixin.py:154} INFO - [2025-12-30T18:19:52.874+0000] {dag.py:3722} INFO - Setting next_dagrun for taxi_api_simulation to 2025-12-30T18:15:14.877378+00:00, run_after=2025-12-30T18:20:14.877378+00:00
[2025-12-30T18:19:52.899+0000] {processor.py:179} INFO - Processing /opt/airflow/dags/taxi_api_simulation_dag.py took 0.624 seconds
[2025-12-30T18:20:23.278+0000] {processor.py:157} INFO - Started process (PID=412) to work on /opt/airflow/dags/taxi_api_simulation_dag.py
[2025-12-30T18:20:23.279+0000] {processor.py:829} INFO - Processing file /opt/airflow/dags/taxi_api_simulation_dag.py for tasks to queue
[2025-12-30T18:20:23.280+0000] {logging_mixin.py:154} INFO - [2025-12-30T18:20:23.280+0000] {dagbag.py:536} INFO - Filling up the DagBag from /opt/airflow/dags/taxi_api_simulation_dag.py
[2025-12-30T18:20:23.580+0000] {processor.py:839} INFO - DAG(s) dict_keys(['taxi_api_simulation']) retrieved from /opt/airflow/dags/taxi_api_simulation_dag.py
[2025-12-30T18:20:23.612+0000] {logging_mixin.py:154} INFO - [2025-12-30T18:20:23.611+0000] {dag.py:2941} INFO - Sync 1 DAGs
[2025-12-30T18:20:23.633+0000] {logging_mixin.py:154} INFO - [2025-12-30T18:20:23.633+0000] {dag.py:3722} INFO - Setting next_dagrun for taxi_api_simulation to 2025-12-30T18:20:14.877378+00:00, run_after=2025-12-30T18:25:14.877378+00:00
[2025-12-30T18:20:23.655+0000] {processor.py:179} INFO - Processing /opt/airflow/dags/taxi_api_simulation_dag.py took 0.380 seconds
[2025-12-30T18:20:53.954+0000] {processor.py:157} INFO - Started process (PID=431) to work on /opt/airflow/dags/taxi_api_simulation_dag.py
[2025-12-30T18:20:53.955+0000] {processor.py:829} INFO - Processing file /opt/airflow/dags/taxi_api_simulation_dag.py for tasks to queue
[2025-12-30T18:20:53.956+0000] {logging_mixin.py:154} INFO - [2025-12-30T18:20:53.956+0000] {dagbag.py:536} INFO - Filling up the DagBag from /opt/airflow/dags/taxi_api_simulation_dag.py
[2025-12-30T18:20:54.280+0000] {processor.py:839} INFO - DAG(s) dict_keys(['taxi_api_simulation']) retrieved from /opt/airflow/dags/taxi_api_simulation_dag.py
[2025-12-30T18:20:54.309+0000] {logging_mixin.py:154} INFO - [2025-12-30T18:20:54.308+0000] {dag.py:2941} INFO - Sync 1 DAGs
[2025-12-30T18:20:54.338+0000] {logging_mixin.py:154} INFO - [2025-12-30T18:20:54.338+0000] {dag.py:3722} INFO - Setting next_dagrun for taxi_api_simulation to 2025-12-30T18:20:14.877378+00:00, run_after=2025-12-30T18:25:14.877378+00:00
[2025-12-30T18:20:54.366+0000] {processor.py:179} INFO - Processing /opt/airflow/dags/taxi_api_simulation_dag.py took 0.417 seconds
[2025-12-30T18:21:24.708+0000] {processor.py:157} INFO - Started process (PID=454) to work on /opt/airflow/dags/taxi_api_simulation_dag.py
[2025-12-30T18:21:24.709+0000] {processor.py:829} INFO - Processing file /opt/airflow/dags/taxi_api_simulation_dag.py for tasks to queue
[2025-12-30T18:21:24.710+0000] {logging_mixin.py:154} INFO - [2025-12-30T18:21:24.710+0000] {dagbag.py:536} INFO - Filling up the DagBag from /opt/airflow/dags/taxi_api_simulation_dag.py
[2025-12-30T18:21:25.057+0000] {processor.py:839} INFO - DAG(s) dict_keys(['taxi_api_simulation']) retrieved from /opt/airflow/dags/taxi_api_simulation_dag.py
[2025-12-30T18:21:25.083+0000] {logging_mixin.py:154} INFO - [2025-12-30T18:21:25.082+0000] {dag.py:2941} INFO - Sync 1 DAGs
[2025-12-30T18:21:25.107+0000] {logging_mixin.py:154} INFO - [2025-12-30T18:21:25.107+0000] {dag.py:3722} INFO - Setting next_dagrun for taxi_api_simulation to 2025-12-30T18:20:14.877378+00:00, run_after=2025-12-30T18:25:14.877378+00:00
[2025-12-30T18:21:25.130+0000] {processor.py:179} INFO - Processing /opt/airflow/dags/taxi_api_simulation_dag.py took 0.429 seconds
[2025-12-30T18:21:55.485+0000] {processor.py:157} INFO - Started process (PID=472) to work on /opt/airflow/dags/taxi_api_simulation_dag.py
[2025-12-30T18:21:55.488+0000] {processor.py:829} INFO - Processing file /opt/airflow/dags/taxi_api_simulation_dag.py for tasks to queue
[2025-12-30T18:21:55.489+0000] {logging_mixin.py:154} INFO - [2025-12-30T18:21:55.489+0000] {dagbag.py:536} INFO - Filling up the DagBag from /opt/airflow/dags/taxi_api_simulation_dag.py
[2025-12-30T18:21:55.836+0000] {processor.py:839} INFO - DAG(s) dict_keys(['taxi_api_simulation']) retrieved from /opt/airflow/dags/taxi_api_simulation_dag.py
[2025-12-30T18:21:55.864+0000] {logging_mixin.py:154} INFO - [2025-12-30T18:21:55.863+0000] {dag.py:2941} INFO - Sync 1 DAGs
[2025-12-30T18:21:55.895+0000] {logging_mixin.py:154} INFO - [2025-12-30T18:21:55.895+0000] {dag.py:3722} INFO - Setting next_dagrun for taxi_api_simulation to 2025-12-30T18:20:14.877378+00:00, run_after=2025-12-30T18:25:14.877378+00:00
[2025-12-30T18:21:55.921+0000] {processor.py:179} INFO - Processing /opt/airflow/dags/taxi_api_simulation_dag.py took 0.440 seconds
[2025-12-30T18:22:26.257+0000] {processor.py:157} INFO - Started process (PID=492) to work on /opt/airflow/dags/taxi_api_simulation_dag.py
[2025-12-30T18:22:26.259+0000] {processor.py:829} INFO - Processing file /opt/airflow/dags/taxi_api_simulation_dag.py for tasks to queue
[2025-12-30T18:22:26.261+0000] {logging_mixin.py:154} INFO - [2025-12-30T18:22:26.260+0000] {dagbag.py:536} INFO - Filling up the DagBag from /opt/airflow/dags/taxi_api_simulation_dag.py
[2025-12-30T18:22:26.676+0000] {processor.py:839} INFO - DAG(s) dict_keys(['taxi_api_simulation']) retrieved from /opt/airflow/dags/taxi_api_simulation_dag.py
[2025-12-30T18:22:26.712+0000] {logging_mixin.py:154} INFO - [2025-12-30T18:22:26.711+0000] {dag.py:2941} INFO - Sync 1 DAGs
[2025-12-30T18:22:26.741+0000] {logging_mixin.py:154} INFO - [2025-12-30T18:22:26.740+0000] {dag.py:3722} INFO - Setting next_dagrun for taxi_api_simulation to 2025-12-30T18:20:14.877378+00:00, run_after=2025-12-30T18:25:14.877378+00:00
[2025-12-30T18:22:26.763+0000] {processor.py:179} INFO - Processing /opt/airflow/dags/taxi_api_simulation_dag.py took 0.511 seconds
[2025-12-30T18:22:57.074+0000] {processor.py:157} INFO - Started process (PID=511) to work on /opt/airflow/dags/taxi_api_simulation_dag.py
[2025-12-30T18:22:57.075+0000] {processor.py:829} INFO - Processing file /opt/airflow/dags/taxi_api_simulation_dag.py for tasks to queue
[2025-12-30T18:22:57.076+0000] {logging_mixin.py:154} INFO - [2025-12-30T18:22:57.076+0000] {dagbag.py:536} INFO - Filling up the DagBag from /opt/airflow/dags/taxi_api_simulation_dag.py
[2025-12-30T18:22:57.429+0000] {processor.py:839} INFO - DAG(s) dict_keys(['taxi_api_simulation']) retrieved from /opt/airflow/dags/taxi_api_simulation_dag.py
[2025-12-30T18:22:57.460+0000] {logging_mixin.py:154} INFO - [2025-12-30T18:22:57.460+0000] {dag.py:2941} INFO - Sync 1 DAGs
[2025-12-30T18:22:57.491+0000] {logging_mixin.py:154} INFO - [2025-12-30T18:22:57.490+0000] {dag.py:3722} INFO - Setting next_dagrun for taxi_api_simulation to 2025-12-30T18:20:14.877378+00:00, run_after=2025-12-30T18:25:14.877378+00:00
[2025-12-30T18:22:57.516+0000] {processor.py:179} INFO - Processing /opt/airflow/dags/taxi_api_simulation_dag.py took 0.447 seconds
[2025-12-30T18:23:27.848+0000] {processor.py:157} INFO - Started process (PID=530) to work on /opt/airflow/dags/taxi_api_simulation_dag.py
[2025-12-30T18:23:27.849+0000] {processor.py:829} INFO - Processing file /opt/airflow/dags/taxi_api_simulation_dag.py for tasks to queue
[2025-12-30T18:23:27.850+0000] {logging_mixin.py:154} INFO - [2025-12-30T18:23:27.850+0000] {dagbag.py:536} INFO - Filling up the DagBag from /opt/airflow/dags/taxi_api_simulation_dag.py
[2025-12-30T18:23:28.144+0000] {processor.py:839} INFO - DAG(s) dict_keys(['taxi_api_simulation']) retrieved from /opt/airflow/dags/taxi_api_simulation_dag.py
[2025-12-30T18:23:28.170+0000] {logging_mixin.py:154} INFO - [2025-12-30T18:23:28.169+0000] {dag.py:2941} INFO - Sync 1 DAGs
[2025-12-30T18:23:28.196+0000] {logging_mixin.py:154} INFO - [2025-12-30T18:23:28.195+0000] {dag.py:3722} INFO - Setting next_dagrun for taxi_api_simulation to 2025-12-30T18:20:14.877378+00:00, run_after=2025-12-30T18:25:14.877378+00:00
[2025-12-30T18:23:28.219+0000] {processor.py:179} INFO - Processing /opt/airflow/dags/taxi_api_simulation_dag.py took 0.376 seconds
[2025-12-30T18:23:58.544+0000] {processor.py:157} INFO - Started process (PID=549) to work on /opt/airflow/dags/taxi_api_simulation_dag.py
[2025-12-30T18:23:58.545+0000] {processor.py:829} INFO - Processing file /opt/airflow/dags/taxi_api_simulation_dag.py for tasks to queue
[2025-12-30T18:23:58.546+0000] {logging_mixin.py:154} INFO - [2025-12-30T18:23:58.546+0000] {dagbag.py:536} INFO - Filling up the DagBag from /opt/airflow/dags/taxi_api_simulation_dag.py
[2025-12-30T18:23:58.857+0000] {processor.py:839} INFO - DAG(s) dict_keys(['taxi_api_simulation']) retrieved from /opt/airflow/dags/taxi_api_simulation_dag.py
[2025-12-30T18:23:58.891+0000] {logging_mixin.py:154} INFO - [2025-12-30T18:23:58.891+0000] {dag.py:2941} INFO - Sync 1 DAGs
[2025-12-30T18:23:58.920+0000] {logging_mixin.py:154} INFO - [2025-12-30T18:23:58.919+0000] {dag.py:3722} INFO - Setting next_dagrun for taxi_api_simulation to 2025-12-30T18:20:14.877378+00:00, run_after=2025-12-30T18:25:14.877378+00:00
[2025-12-30T18:23:58.947+0000] {processor.py:179} INFO - Processing /opt/airflow/dags/taxi_api_simulation_dag.py took 0.407 seconds
[2025-12-30T18:24:29.253+0000] {processor.py:157} INFO - Started process (PID=568) to work on /opt/airflow/dags/taxi_api_simulation_dag.py
[2025-12-30T18:24:29.259+0000] {processor.py:829} INFO - Processing file /opt/airflow/dags/taxi_api_simulation_dag.py for tasks to queue
[2025-12-30T18:24:29.260+0000] {logging_mixin.py:154} INFO - [2025-12-30T18:24:29.260+0000] {dagbag.py:536} INFO - Filling up the DagBag from /opt/airflow/dags/taxi_api_simulation_dag.py
[2025-12-30T18:24:29.551+0000] {processor.py:839} INFO - DAG(s) dict_keys(['taxi_api_simulation']) retrieved from /opt/airflow/dags/taxi_api_simulation_dag.py
[2025-12-30T18:24:29.583+0000] {logging_mixin.py:154} INFO - [2025-12-30T18:24:29.583+0000] {dag.py:2941} INFO - Sync 1 DAGs
[2025-12-30T18:24:29.615+0000] {logging_mixin.py:154} INFO - [2025-12-30T18:24:29.614+0000] {dag.py:3722} INFO - Setting next_dagrun for taxi_api_simulation to 2025-12-30T18:20:14.877378+00:00, run_after=2025-12-30T18:25:14.877378+00:00
[2025-12-30T18:24:29.644+0000] {processor.py:179} INFO - Processing /opt/airflow/dags/taxi_api_simulation_dag.py took 0.394 seconds
[2025-12-30T18:24:59.958+0000] {processor.py:157} INFO - Started process (PID=587) to work on /opt/airflow/dags/taxi_api_simulation_dag.py
[2025-12-30T18:24:59.959+0000] {processor.py:829} INFO - Processing file /opt/airflow/dags/taxi_api_simulation_dag.py for tasks to queue
[2025-12-30T18:24:59.960+0000] {logging_mixin.py:154} INFO - [2025-12-30T18:24:59.960+0000] {dagbag.py:536} INFO - Filling up the DagBag from /opt/airflow/dags/taxi_api_simulation_dag.py
[2025-12-30T18:25:00.262+0000] {processor.py:839} INFO - DAG(s) dict_keys(['taxi_api_simulation']) retrieved from /opt/airflow/dags/taxi_api_simulation_dag.py
[2025-12-30T18:25:00.293+0000] {logging_mixin.py:154} INFO - [2025-12-30T18:25:00.293+0000] {dag.py:2941} INFO - Sync 1 DAGs
[2025-12-30T18:25:00.323+0000] {logging_mixin.py:154} INFO - [2025-12-30T18:25:00.322+0000] {dag.py:3722} INFO - Setting next_dagrun for taxi_api_simulation to 2025-12-30T18:20:14.877378+00:00, run_after=2025-12-30T18:25:14.877378+00:00
[2025-12-30T18:25:00.344+0000] {processor.py:179} INFO - Processing /opt/airflow/dags/taxi_api_simulation_dag.py took 0.390 seconds
[2025-12-30T18:25:30.796+0000] {processor.py:157} INFO - Started process (PID=610) to work on /opt/airflow/dags/taxi_api_simulation_dag.py
[2025-12-30T18:25:30.798+0000] {processor.py:829} INFO - Processing file /opt/airflow/dags/taxi_api_simulation_dag.py for tasks to queue
[2025-12-30T18:25:30.798+0000] {logging_mixin.py:154} INFO - [2025-12-30T18:25:30.798+0000] {dagbag.py:536} INFO - Filling up the DagBag from /opt/airflow/dags/taxi_api_simulation_dag.py
[2025-12-30T18:25:31.052+0000] {processor.py:839} INFO - DAG(s) dict_keys(['taxi_api_simulation']) retrieved from /opt/airflow/dags/taxi_api_simulation_dag.py
[2025-12-30T18:25:31.075+0000] {logging_mixin.py:154} INFO - [2025-12-30T18:25:31.075+0000] {dag.py:2941} INFO - Sync 1 DAGs
[2025-12-30T18:25:31.094+0000] {logging_mixin.py:154} INFO - [2025-12-30T18:25:31.094+0000] {dag.py:3722} INFO - Setting next_dagrun for taxi_api_simulation to 2025-12-30T18:25:14.877378+00:00, run_after=2025-12-30T18:30:14.877378+00:00
[2025-12-30T18:25:31.118+0000] {processor.py:179} INFO - Processing /opt/airflow/dags/taxi_api_simulation_dag.py took 0.326 seconds
[2025-12-30T18:26:01.448+0000] {processor.py:157} INFO - Started process (PID=629) to work on /opt/airflow/dags/taxi_api_simulation_dag.py
[2025-12-30T18:26:01.449+0000] {processor.py:829} INFO - Processing file /opt/airflow/dags/taxi_api_simulation_dag.py for tasks to queue
[2025-12-30T18:26:01.450+0000] {logging_mixin.py:154} INFO - [2025-12-30T18:26:01.449+0000] {dagbag.py:536} INFO - Filling up the DagBag from /opt/airflow/dags/taxi_api_simulation_dag.py
[2025-12-30T18:26:01.773+0000] {processor.py:839} INFO - DAG(s) dict_keys(['taxi_api_simulation']) retrieved from /opt/airflow/dags/taxi_api_simulation_dag.py
[2025-12-30T18:26:01.799+0000] {logging_mixin.py:154} INFO - [2025-12-30T18:26:01.798+0000] {dag.py:2941} INFO - Sync 1 DAGs
[2025-12-30T18:26:01.824+0000] {logging_mixin.py:154} INFO - [2025-12-30T18:26:01.824+0000] {dag.py:3722} INFO - Setting next_dagrun for taxi_api_simulation to 2025-12-30T18:25:14.877378+00:00, run_after=2025-12-30T18:30:14.877378+00:00
[2025-12-30T18:26:01.858+0000] {processor.py:179} INFO - Processing /opt/airflow/dags/taxi_api_simulation_dag.py took 0.413 seconds
[2025-12-30T18:26:32.257+0000] {processor.py:157} INFO - Started process (PID=652) to work on /opt/airflow/dags/taxi_api_simulation_dag.py
[2025-12-30T18:26:32.279+0000] {processor.py:829} INFO - Processing file /opt/airflow/dags/taxi_api_simulation_dag.py for tasks to queue
[2025-12-30T18:26:32.281+0000] {logging_mixin.py:154} INFO - [2025-12-30T18:26:32.279+0000] {dagbag.py:536} INFO - Filling up the DagBag from /opt/airflow/dags/taxi_api_simulation_dag.py
[2025-12-30T18:26:32.822+0000] {processor.py:839} INFO - DAG(s) dict_keys(['taxi_api_simulation']) retrieved from /opt/airflow/dags/taxi_api_simulation_dag.py
[2025-12-30T18:26:32.854+0000] {logging_mixin.py:154} INFO - [2025-12-30T18:26:32.853+0000] {dag.py:2941} INFO - Sync 1 DAGs
[2025-12-30T18:26:32.888+0000] {logging_mixin.py:154} INFO - [2025-12-30T18:26:32.888+0000] {dag.py:3722} INFO - Setting next_dagrun for taxi_api_simulation to 2025-12-30T18:25:14.877378+00:00, run_after=2025-12-30T18:30:14.877378+00:00
[2025-12-30T18:26:32.911+0000] {processor.py:179} INFO - Processing /opt/airflow/dags/taxi_api_simulation_dag.py took 0.660 seconds
[2025-12-30T18:27:03.284+0000] {processor.py:157} INFO - Started process (PID=671) to work on /opt/airflow/dags/taxi_api_simulation_dag.py
[2025-12-30T18:27:03.285+0000] {processor.py:829} INFO - Processing file /opt/airflow/dags/taxi_api_simulation_dag.py for tasks to queue
[2025-12-30T18:27:03.286+0000] {logging_mixin.py:154} INFO - [2025-12-30T18:27:03.286+0000] {dagbag.py:536} INFO - Filling up the DagBag from /opt/airflow/dags/taxi_api_simulation_dag.py
[2025-12-30T18:27:03.588+0000] {processor.py:839} INFO - DAG(s) dict_keys(['taxi_api_simulation']) retrieved from /opt/airflow/dags/taxi_api_simulation_dag.py
[2025-12-30T18:27:03.621+0000] {logging_mixin.py:154} INFO - [2025-12-30T18:27:03.620+0000] {dag.py:2941} INFO - Sync 1 DAGs
[2025-12-30T18:27:03.646+0000] {logging_mixin.py:154} INFO - [2025-12-30T18:27:03.645+0000] {dag.py:3722} INFO - Setting next_dagrun for taxi_api_simulation to 2025-12-30T18:25:14.877378+00:00, run_after=2025-12-30T18:30:14.877378+00:00
[2025-12-30T18:27:03.671+0000] {processor.py:179} INFO - Processing /opt/airflow/dags/taxi_api_simulation_dag.py took 0.391 seconds
[2025-12-30T18:27:33.997+0000] {processor.py:157} INFO - Started process (PID=690) to work on /opt/airflow/dags/taxi_api_simulation_dag.py
[2025-12-30T18:27:33.998+0000] {processor.py:829} INFO - Processing file /opt/airflow/dags/taxi_api_simulation_dag.py for tasks to queue
[2025-12-30T18:27:33.999+0000] {logging_mixin.py:154} INFO - [2025-12-30T18:27:33.998+0000] {dagbag.py:536} INFO - Filling up the DagBag from /opt/airflow/dags/taxi_api_simulation_dag.py
[2025-12-30T18:27:34.329+0000] {processor.py:839} INFO - DAG(s) dict_keys(['taxi_api_simulation']) retrieved from /opt/airflow/dags/taxi_api_simulation_dag.py
[2025-12-30T18:27:34.360+0000] {logging_mixin.py:154} INFO - [2025-12-30T18:27:34.359+0000] {dag.py:2941} INFO - Sync 1 DAGs
[2025-12-30T18:27:34.386+0000] {logging_mixin.py:154} INFO - [2025-12-30T18:27:34.386+0000] {dag.py:3722} INFO - Setting next_dagrun for taxi_api_simulation to 2025-12-30T18:25:14.877378+00:00, run_after=2025-12-30T18:30:14.877378+00:00
[2025-12-30T18:27:34.409+0000] {processor.py:179} INFO - Processing /opt/airflow/dags/taxi_api_simulation_dag.py took 0.416 seconds
[2025-12-30T18:28:04.748+0000] {processor.py:157} INFO - Started process (PID=709) to work on /opt/airflow/dags/taxi_api_simulation_dag.py
[2025-12-30T18:28:04.749+0000] {processor.py:829} INFO - Processing file /opt/airflow/dags/taxi_api_simulation_dag.py for tasks to queue
[2025-12-30T18:28:04.750+0000] {logging_mixin.py:154} INFO - [2025-12-30T18:28:04.750+0000] {dagbag.py:536} INFO - Filling up the DagBag from /opt/airflow/dags/taxi_api_simulation_dag.py
[2025-12-30T18:28:05.085+0000] {processor.py:839} INFO - DAG(s) dict_keys(['taxi_api_simulation']) retrieved from /opt/airflow/dags/taxi_api_simulation_dag.py
[2025-12-30T18:28:05.115+0000] {logging_mixin.py:154} INFO - [2025-12-30T18:28:05.114+0000] {dag.py:2941} INFO - Sync 1 DAGs
[2025-12-30T18:28:05.311+0000] {logging_mixin.py:154} INFO - [2025-12-30T18:28:05.311+0000] {dag.py:3722} INFO - Setting next_dagrun for taxi_api_simulation to 2025-12-30T18:25:14.877378+00:00, run_after=2025-12-30T18:30:14.877378+00:00
[2025-12-30T18:28:05.338+0000] {processor.py:179} INFO - Processing /opt/airflow/dags/taxi_api_simulation_dag.py took 0.594 seconds
[2025-12-30T18:28:35.730+0000] {processor.py:157} INFO - Started process (PID=728) to work on /opt/airflow/dags/taxi_api_simulation_dag.py
[2025-12-30T18:28:35.731+0000] {processor.py:829} INFO - Processing file /opt/airflow/dags/taxi_api_simulation_dag.py for tasks to queue
[2025-12-30T18:28:35.732+0000] {logging_mixin.py:154} INFO - [2025-12-30T18:28:35.732+0000] {dagbag.py:536} INFO - Filling up the DagBag from /opt/airflow/dags/taxi_api_simulation_dag.py
[2025-12-30T18:28:36.059+0000] {processor.py:839} INFO - DAG(s) dict_keys(['taxi_api_simulation']) retrieved from /opt/airflow/dags/taxi_api_simulation_dag.py
[2025-12-30T18:28:36.089+0000] {logging_mixin.py:154} INFO - [2025-12-30T18:28:36.089+0000] {dag.py:2941} INFO - Sync 1 DAGs
[2025-12-30T18:28:36.116+0000] {logging_mixin.py:154} INFO - [2025-12-30T18:28:36.115+0000] {dag.py:3722} INFO - Setting next_dagrun for taxi_api_simulation to 2025-12-30T18:25:14.877378+00:00, run_after=2025-12-30T18:30:14.877378+00:00
[2025-12-30T18:28:36.183+0000] {processor.py:179} INFO - Processing /opt/airflow/dags/taxi_api_simulation_dag.py took 0.456 seconds
[2025-12-30T18:29:06.531+0000] {processor.py:157} INFO - Started process (PID=747) to work on /opt/airflow/dags/taxi_api_simulation_dag.py
[2025-12-30T18:29:06.532+0000] {processor.py:829} INFO - Processing file /opt/airflow/dags/taxi_api_simulation_dag.py for tasks to queue
[2025-12-30T18:29:06.534+0000] {logging_mixin.py:154} INFO - [2025-12-30T18:29:06.533+0000] {dagbag.py:536} INFO - Filling up the DagBag from /opt/airflow/dags/taxi_api_simulation_dag.py
[2025-12-30T18:29:06.819+0000] {processor.py:839} INFO - DAG(s) dict_keys(['taxi_api_simulation']) retrieved from /opt/airflow/dags/taxi_api_simulation_dag.py
[2025-12-30T18:29:06.849+0000] {logging_mixin.py:154} INFO - [2025-12-30T18:29:06.848+0000] {dag.py:2941} INFO - Sync 1 DAGs
[2025-12-30T18:29:06.870+0000] {logging_mixin.py:154} INFO - [2025-12-30T18:29:06.870+0000] {dag.py:3722} INFO - Setting next_dagrun for taxi_api_simulation to 2025-12-30T18:25:14.877378+00:00, run_after=2025-12-30T18:30:14.877378+00:00
[2025-12-30T18:29:06.893+0000] {processor.py:179} INFO - Processing /opt/airflow/dags/taxi_api_simulation_dag.py took 0.365 seconds
[2025-12-30T18:29:37.219+0000] {processor.py:157} INFO - Started process (PID=766) to work on /opt/airflow/dags/taxi_api_simulation_dag.py
[2025-12-30T18:29:37.221+0000] {processor.py:829} INFO - Processing file /opt/airflow/dags/taxi_api_simulation_dag.py for tasks to queue
[2025-12-30T18:29:37.222+0000] {logging_mixin.py:154} INFO - [2025-12-30T18:29:37.222+0000] {dagbag.py:536} INFO - Filling up the DagBag from /opt/airflow/dags/taxi_api_simulation_dag.py
[2025-12-30T18:29:37.600+0000] {processor.py:839} INFO - DAG(s) dict_keys(['taxi_api_simulation']) retrieved from /opt/airflow/dags/taxi_api_simulation_dag.py
[2025-12-30T18:29:37.632+0000] {logging_mixin.py:154} INFO - [2025-12-30T18:29:37.631+0000] {dag.py:2941} INFO - Sync 1 DAGs
[2025-12-30T18:29:37.831+0000] {logging_mixin.py:154} INFO - [2025-12-30T18:29:37.830+0000] {dag.py:3722} INFO - Setting next_dagrun for taxi_api_simulation to 2025-12-30T18:25:14.877378+00:00, run_after=2025-12-30T18:30:14.877378+00:00
[2025-12-30T18:29:37.853+0000] {processor.py:179} INFO - Processing /opt/airflow/dags/taxi_api_simulation_dag.py took 0.639 seconds
[2025-12-30T18:30:08.231+0000] {processor.py:157} INFO - Started process (PID=785) to work on /opt/airflow/dags/taxi_api_simulation_dag.py
[2025-12-30T18:30:08.232+0000] {processor.py:829} INFO - Processing file /opt/airflow/dags/taxi_api_simulation_dag.py for tasks to queue
[2025-12-30T18:30:08.233+0000] {logging_mixin.py:154} INFO - [2025-12-30T18:30:08.233+0000] {dagbag.py:536} INFO - Filling up the DagBag from /opt/airflow/dags/taxi_api_simulation_dag.py
[2025-12-30T18:30:08.584+0000] {processor.py:839} INFO - DAG(s) dict_keys(['taxi_api_simulation']) retrieved from /opt/airflow/dags/taxi_api_simulation_dag.py
[2025-12-30T18:30:08.613+0000] {logging_mixin.py:154} INFO - [2025-12-30T18:30:08.612+0000] {dag.py:2941} INFO - Sync 1 DAGs
[2025-12-30T18:30:08.637+0000] {logging_mixin.py:154} INFO - [2025-12-30T18:30:08.637+0000] {dag.py:3722} INFO - Setting next_dagrun for taxi_api_simulation to 2025-12-30T18:25:14.877378+00:00, run_after=2025-12-30T18:30:14.877378+00:00
[2025-12-30T18:30:08.665+0000] {processor.py:179} INFO - Processing /opt/airflow/dags/taxi_api_simulation_dag.py took 0.456 seconds
[2025-12-30T18:30:38.949+0000] {processor.py:157} INFO - Started process (PID=826) to work on /opt/airflow/dags/taxi_api_simulation_dag.py
[2025-12-30T18:30:38.952+0000] {processor.py:829} INFO - Processing file /opt/airflow/dags/taxi_api_simulation_dag.py for tasks to queue
[2025-12-30T18:30:38.954+0000] {logging_mixin.py:154} INFO - [2025-12-30T18:30:38.953+0000] {dagbag.py:536} INFO - Filling up the DagBag from /opt/airflow/dags/taxi_api_simulation_dag.py
[2025-12-30T18:30:40.338+0000] {processor.py:839} INFO - DAG(s) dict_keys(['taxi_api_simulation']) retrieved from /opt/airflow/dags/taxi_api_simulation_dag.py
[2025-12-30T18:30:40.558+0000] {logging_mixin.py:154} INFO - [2025-12-30T18:30:40.556+0000] {dag.py:2941} INFO - Sync 1 DAGs
[2025-12-30T18:30:40.804+0000] {logging_mixin.py:154} INFO - [2025-12-30T18:30:40.794+0000] {dag.py:3722} INFO - Setting next_dagrun for taxi_api_simulation to 2025-12-30T18:30:14.877378+00:00, run_after=2025-12-30T18:35:14.877378+00:00
[2025-12-30T18:30:40.930+0000] {processor.py:179} INFO - Processing /opt/airflow/dags/taxi_api_simulation_dag.py took 1.989 seconds
[2025-12-30T18:31:11.383+0000] {processor.py:157} INFO - Started process (PID=851) to work on /opt/airflow/dags/taxi_api_simulation_dag.py
[2025-12-30T18:31:11.384+0000] {processor.py:829} INFO - Processing file /opt/airflow/dags/taxi_api_simulation_dag.py for tasks to queue
[2025-12-30T18:31:11.385+0000] {logging_mixin.py:154} INFO - [2025-12-30T18:31:11.385+0000] {dagbag.py:536} INFO - Filling up the DagBag from /opt/airflow/dags/taxi_api_simulation_dag.py
[2025-12-30T18:31:12.114+0000] {processor.py:839} INFO - DAG(s) dict_keys(['taxi_api_simulation']) retrieved from /opt/airflow/dags/taxi_api_simulation_dag.py
[2025-12-30T18:31:12.136+0000] {logging_mixin.py:154} INFO - [2025-12-30T18:31:12.135+0000] {dag.py:2941} INFO - Sync 1 DAGs
[2025-12-30T18:31:12.162+0000] {logging_mixin.py:154} INFO - [2025-12-30T18:31:12.162+0000] {dag.py:3722} INFO - Setting next_dagrun for taxi_api_simulation to 2025-12-30T18:30:14.877378+00:00, run_after=2025-12-30T18:35:14.877378+00:00
[2025-12-30T18:31:12.187+0000] {processor.py:179} INFO - Processing /opt/airflow/dags/taxi_api_simulation_dag.py took 0.680 seconds
[2025-12-30T18:31:42.682+0000] {processor.py:157} INFO - Started process (PID=885) to work on /opt/airflow/dags/taxi_api_simulation_dag.py
[2025-12-30T18:31:42.687+0000] {processor.py:829} INFO - Processing file /opt/airflow/dags/taxi_api_simulation_dag.py for tasks to queue
[2025-12-30T18:31:42.691+0000] {logging_mixin.py:154} INFO - [2025-12-30T18:31:42.690+0000] {dagbag.py:536} INFO - Filling up the DagBag from /opt/airflow/dags/taxi_api_simulation_dag.py
[2025-12-30T18:31:47.401+0000] {processor.py:839} INFO - DAG(s) dict_keys(['taxi_api_simulation']) retrieved from /opt/airflow/dags/taxi_api_simulation_dag.py
[2025-12-30T18:31:47.484+0000] {logging_mixin.py:154} INFO - [2025-12-30T18:31:47.483+0000] {dag.py:2941} INFO - Sync 1 DAGs
[2025-12-30T18:31:47.532+0000] {logging_mixin.py:154} INFO - [2025-12-30T18:31:47.531+0000] {dag.py:3722} INFO - Setting next_dagrun for taxi_api_simulation to 2025-12-30T18:30:14.877378+00:00, run_after=2025-12-30T18:35:14.877378+00:00
[2025-12-30T18:31:47.618+0000] {processor.py:179} INFO - Processing /opt/airflow/dags/taxi_api_simulation_dag.py took 4.995 seconds
[2025-12-30T18:32:18.031+0000] {processor.py:157} INFO - Started process (PID=918) to work on /opt/airflow/dags/taxi_api_simulation_dag.py
[2025-12-30T18:32:18.033+0000] {processor.py:829} INFO - Processing file /opt/airflow/dags/taxi_api_simulation_dag.py for tasks to queue
[2025-12-30T18:32:18.034+0000] {logging_mixin.py:154} INFO - [2025-12-30T18:32:18.033+0000] {dagbag.py:536} INFO - Filling up the DagBag from /opt/airflow/dags/taxi_api_simulation_dag.py
[2025-12-30T18:32:18.750+0000] {processor.py:839} INFO - DAG(s) dict_keys(['taxi_api_simulation']) retrieved from /opt/airflow/dags/taxi_api_simulation_dag.py
[2025-12-30T18:32:18.783+0000] {logging_mixin.py:154} INFO - [2025-12-30T18:32:18.782+0000] {dag.py:2941} INFO - Sync 1 DAGs
[2025-12-30T18:32:18.808+0000] {logging_mixin.py:154} INFO - [2025-12-30T18:32:18.808+0000] {dag.py:3722} INFO - Setting next_dagrun for taxi_api_simulation to 2025-12-30T18:30:14.877378+00:00, run_after=2025-12-30T18:35:14.877378+00:00
[2025-12-30T18:32:18.829+0000] {processor.py:179} INFO - Processing /opt/airflow/dags/taxi_api_simulation_dag.py took 0.803 seconds
[2025-12-30T18:32:49.186+0000] {processor.py:157} INFO - Started process (PID=949) to work on /opt/airflow/dags/taxi_api_simulation_dag.py
[2025-12-30T18:32:49.188+0000] {processor.py:829} INFO - Processing file /opt/airflow/dags/taxi_api_simulation_dag.py for tasks to queue
[2025-12-30T18:32:49.209+0000] {logging_mixin.py:154} INFO - [2025-12-30T18:32:49.200+0000] {dagbag.py:536} INFO - Filling up the DagBag from /opt/airflow/dags/taxi_api_simulation_dag.py
[2025-12-30T18:32:50.151+0000] {processor.py:839} INFO - DAG(s) dict_keys(['taxi_api_simulation']) retrieved from /opt/airflow/dags/taxi_api_simulation_dag.py
[2025-12-30T18:32:50.180+0000] {logging_mixin.py:154} INFO - [2025-12-30T18:32:50.179+0000] {dag.py:2941} INFO - Sync 1 DAGs
[2025-12-30T18:32:50.206+0000] {logging_mixin.py:154} INFO - [2025-12-30T18:32:50.206+0000] {dag.py:3722} INFO - Setting next_dagrun for taxi_api_simulation to 2025-12-30T18:30:14.877378+00:00, run_after=2025-12-30T18:35:14.877378+00:00
[2025-12-30T18:32:50.249+0000] {processor.py:179} INFO - Processing /opt/airflow/dags/taxi_api_simulation_dag.py took 1.068 seconds
[2025-12-30T18:33:20.789+0000] {processor.py:157} INFO - Started process (PID=974) to work on /opt/airflow/dags/taxi_api_simulation_dag.py
[2025-12-30T18:33:20.790+0000] {processor.py:829} INFO - Processing file /opt/airflow/dags/taxi_api_simulation_dag.py for tasks to queue
[2025-12-30T18:33:20.791+0000] {logging_mixin.py:154} INFO - [2025-12-30T18:33:20.791+0000] {dagbag.py:536} INFO - Filling up the DagBag from /opt/airflow/dags/taxi_api_simulation_dag.py
[2025-12-30T18:33:21.444+0000] {processor.py:839} INFO - DAG(s) dict_keys(['taxi_api_simulation']) retrieved from /opt/airflow/dags/taxi_api_simulation_dag.py
[2025-12-30T18:33:21.519+0000] {logging_mixin.py:154} INFO - [2025-12-30T18:33:21.518+0000] {dag.py:2941} INFO - Sync 1 DAGs
[2025-12-30T18:33:21.630+0000] {logging_mixin.py:154} INFO - [2025-12-30T18:33:21.630+0000] {dag.py:3722} INFO - Setting next_dagrun for taxi_api_simulation to 2025-12-30T18:30:14.877378+00:00, run_after=2025-12-30T18:35:14.877378+00:00
[2025-12-30T18:33:21.671+0000] {processor.py:179} INFO - Processing /opt/airflow/dags/taxi_api_simulation_dag.py took 0.887 seconds
[2025-12-30T18:33:52.033+0000] {processor.py:157} INFO - Started process (PID=999) to work on /opt/airflow/dags/taxi_api_simulation_dag.py
[2025-12-30T18:33:52.034+0000] {processor.py:829} INFO - Processing file /opt/airflow/dags/taxi_api_simulation_dag.py for tasks to queue
[2025-12-30T18:33:52.035+0000] {logging_mixin.py:154} INFO - [2025-12-30T18:33:52.035+0000] {dagbag.py:536} INFO - Filling up the DagBag from /opt/airflow/dags/taxi_api_simulation_dag.py
[2025-12-30T18:33:52.346+0000] {processor.py:839} INFO - DAG(s) dict_keys(['taxi_api_simulation']) retrieved from /opt/airflow/dags/taxi_api_simulation_dag.py
[2025-12-30T18:33:52.408+0000] {logging_mixin.py:154} INFO - [2025-12-30T18:33:52.407+0000] {dag.py:2941} INFO - Sync 1 DAGs
[2025-12-30T18:33:52.458+0000] {logging_mixin.py:154} INFO - [2025-12-30T18:33:52.458+0000] {dag.py:3722} INFO - Setting next_dagrun for taxi_api_simulation to 2025-12-30T18:30:14.877378+00:00, run_after=2025-12-30T18:35:14.877378+00:00
[2025-12-30T18:33:52.491+0000] {processor.py:179} INFO - Processing /opt/airflow/dags/taxi_api_simulation_dag.py took 0.462 seconds
[2025-12-30T18:34:23.009+0000] {processor.py:157} INFO - Started process (PID=1038) to work on /opt/airflow/dags/taxi_api_simulation_dag.py
[2025-12-30T18:34:23.011+0000] {processor.py:829} INFO - Processing file /opt/airflow/dags/taxi_api_simulation_dag.py for tasks to queue
[2025-12-30T18:34:23.013+0000] {logging_mixin.py:154} INFO - [2025-12-30T18:34:23.012+0000] {dagbag.py:536} INFO - Filling up the DagBag from /opt/airflow/dags/taxi_api_simulation_dag.py
[2025-12-30T18:34:23.765+0000] {processor.py:839} INFO - DAG(s) dict_keys(['taxi_api_simulation']) retrieved from /opt/airflow/dags/taxi_api_simulation_dag.py
[2025-12-30T18:34:23.817+0000] {logging_mixin.py:154} INFO - [2025-12-30T18:34:23.816+0000] {dag.py:2941} INFO - Sync 1 DAGs
[2025-12-30T18:34:23.860+0000] {logging_mixin.py:154} INFO - [2025-12-30T18:34:23.860+0000] {dag.py:3722} INFO - Setting next_dagrun for taxi_api_simulation to 2025-12-30T18:30:14.877378+00:00, run_after=2025-12-30T18:35:14.877378+00:00
[2025-12-30T18:34:23.902+0000] {processor.py:179} INFO - Processing /opt/airflow/dags/taxi_api_simulation_dag.py took 0.921 seconds
[2025-12-30T18:34:54.821+0000] {processor.py:157} INFO - Started process (PID=1064) to work on /opt/airflow/dags/taxi_api_simulation_dag.py
[2025-12-30T18:34:54.823+0000] {processor.py:829} INFO - Processing file /opt/airflow/dags/taxi_api_simulation_dag.py for tasks to queue
[2025-12-30T18:34:54.824+0000] {logging_mixin.py:154} INFO - [2025-12-30T18:34:54.824+0000] {dagbag.py:536} INFO - Filling up the DagBag from /opt/airflow/dags/taxi_api_simulation_dag.py
[2025-12-30T18:34:55.260+0000] {processor.py:839} INFO - DAG(s) dict_keys(['taxi_api_simulation']) retrieved from /opt/airflow/dags/taxi_api_simulation_dag.py
[2025-12-30T18:34:55.317+0000] {logging_mixin.py:154} INFO - [2025-12-30T18:34:55.316+0000] {dag.py:2941} INFO - Sync 1 DAGs
[2025-12-30T18:34:55.383+0000] {logging_mixin.py:154} INFO - [2025-12-30T18:34:55.383+0000] {dag.py:3722} INFO - Setting next_dagrun for taxi_api_simulation to 2025-12-30T18:30:14.877378+00:00, run_after=2025-12-30T18:35:14.877378+00:00
[2025-12-30T18:34:55.426+0000] {processor.py:179} INFO - Processing /opt/airflow/dags/taxi_api_simulation_dag.py took 0.610 seconds
[2025-12-30T18:35:25.719+0000] {processor.py:157} INFO - Started process (PID=1131) to work on /opt/airflow/dags/taxi_api_simulation_dag.py
[2025-12-30T18:35:25.721+0000] {processor.py:829} INFO - Processing file /opt/airflow/dags/taxi_api_simulation_dag.py for tasks to queue
[2025-12-30T18:35:25.723+0000] {logging_mixin.py:154} INFO - [2025-12-30T18:35:25.722+0000] {dagbag.py:536} INFO - Filling up the DagBag from /opt/airflow/dags/taxi_api_simulation_dag.py
[2025-12-30T18:35:26.293+0000] {processor.py:839} INFO - DAG(s) dict_keys(['taxi_api_simulation']) retrieved from /opt/airflow/dags/taxi_api_simulation_dag.py
[2025-12-30T18:35:26.335+0000] {logging_mixin.py:154} INFO - [2025-12-30T18:35:26.334+0000] {dag.py:2941} INFO - Sync 1 DAGs
[2025-12-30T18:35:26.406+0000] {logging_mixin.py:154} INFO - [2025-12-30T18:35:26.406+0000] {dag.py:3722} INFO - Setting next_dagrun for taxi_api_simulation to 2025-12-30T18:35:14.877378+00:00, run_after=2025-12-30T18:40:14.877378+00:00
[2025-12-30T18:35:26.471+0000] {processor.py:179} INFO - Processing /opt/airflow/dags/taxi_api_simulation_dag.py took 0.758 seconds
[2025-12-30T18:39:03.744+0000] {processor.py:157} INFO - Started process (PID=198) to work on /opt/airflow/dags/taxi_api_simulation_dag.py
[2025-12-30T18:39:03.746+0000] {processor.py:829} INFO - Processing file /opt/airflow/dags/taxi_api_simulation_dag.py for tasks to queue
[2025-12-30T18:39:03.747+0000] {logging_mixin.py:154} INFO - [2025-12-30T18:39:03.746+0000] {dagbag.py:536} INFO - Filling up the DagBag from /opt/airflow/dags/taxi_api_simulation_dag.py
[2025-12-30T18:39:04.291+0000] {processor.py:839} INFO - DAG(s) dict_keys(['taxi_api_simulation']) retrieved from /opt/airflow/dags/taxi_api_simulation_dag.py
[2025-12-30T18:39:04.302+0000] {logging_mixin.py:154} INFO - [2025-12-30T18:39:04.301+0000] {dag.py:2941} INFO - Sync 1 DAGs
[2025-12-30T18:39:04.322+0000] {logging_mixin.py:154} INFO - [2025-12-30T18:39:04.321+0000] {dag.py:3722} INFO - Setting next_dagrun for taxi_api_simulation to 2025-12-30T18:35:14.877378+00:00, run_after=2025-12-30T18:40:14.877378+00:00
[2025-12-30T18:39:04.341+0000] {processor.py:179} INFO - Processing /opt/airflow/dags/taxi_api_simulation_dag.py took 0.603 seconds
[2025-12-30T18:39:34.814+0000] {processor.py:157} INFO - Started process (PID=254) to work on /opt/airflow/dags/taxi_api_simulation_dag.py
[2025-12-30T18:39:34.815+0000] {processor.py:829} INFO - Processing file /opt/airflow/dags/taxi_api_simulation_dag.py for tasks to queue
[2025-12-30T18:39:34.816+0000] {logging_mixin.py:154} INFO - [2025-12-30T18:39:34.816+0000] {dagbag.py:536} INFO - Filling up the DagBag from /opt/airflow/dags/taxi_api_simulation_dag.py
[2025-12-30T18:39:35.125+0000] {processor.py:839} INFO - DAG(s) dict_keys(['taxi_api_simulation']) retrieved from /opt/airflow/dags/taxi_api_simulation_dag.py
[2025-12-30T18:39:35.143+0000] {logging_mixin.py:154} INFO - [2025-12-30T18:39:35.142+0000] {dag.py:2941} INFO - Sync 1 DAGs
[2025-12-30T18:39:35.159+0000] {logging_mixin.py:154} INFO - [2025-12-30T18:39:35.159+0000] {dag.py:3722} INFO - Setting next_dagrun for taxi_api_simulation to 2025-12-30T18:35:14.877378+00:00, run_after=2025-12-30T18:40:14.877378+00:00
[2025-12-30T18:39:35.178+0000] {processor.py:179} INFO - Processing /opt/airflow/dags/taxi_api_simulation_dag.py took 0.366 seconds
[2025-12-30T18:40:06.071+0000] {processor.py:157} INFO - Started process (PID=298) to work on /opt/airflow/dags/taxi_api_simulation_dag.py
[2025-12-30T18:40:06.072+0000] {processor.py:829} INFO - Processing file /opt/airflow/dags/taxi_api_simulation_dag.py for tasks to queue
[2025-12-30T18:40:06.073+0000] {logging_mixin.py:154} INFO - [2025-12-30T18:40:06.072+0000] {dagbag.py:536} INFO - Filling up the DagBag from /opt/airflow/dags/taxi_api_simulation_dag.py
[2025-12-30T18:40:06.419+0000] {processor.py:839} INFO - DAG(s) dict_keys(['taxi_api_simulation']) retrieved from /opt/airflow/dags/taxi_api_simulation_dag.py
[2025-12-30T18:40:06.439+0000] {logging_mixin.py:154} INFO - [2025-12-30T18:40:06.438+0000] {dag.py:2941} INFO - Sync 1 DAGs
[2025-12-30T18:40:06.458+0000] {logging_mixin.py:154} INFO - [2025-12-30T18:40:06.457+0000] {dag.py:3722} INFO - Setting next_dagrun for taxi_api_simulation to 2025-12-30T18:35:14.877378+00:00, run_after=2025-12-30T18:40:14.877378+00:00
[2025-12-30T18:40:06.477+0000] {processor.py:179} INFO - Processing /opt/airflow/dags/taxi_api_simulation_dag.py took 0.411 seconds
[2025-12-30T18:40:37.876+0000] {processor.py:157} INFO - Started process (PID=340) to work on /opt/airflow/dags/taxi_api_simulation_dag.py
[2025-12-30T18:40:37.878+0000] {processor.py:829} INFO - Processing file /opt/airflow/dags/taxi_api_simulation_dag.py for tasks to queue
[2025-12-30T18:40:37.879+0000] {logging_mixin.py:154} INFO - [2025-12-30T18:40:37.879+0000] {dagbag.py:536} INFO - Filling up the DagBag from /opt/airflow/dags/taxi_api_simulation_dag.py
[2025-12-30T18:40:38.430+0000] {processor.py:839} INFO - DAG(s) dict_keys(['taxi_api_simulation']) retrieved from /opt/airflow/dags/taxi_api_simulation_dag.py
[2025-12-30T18:40:38.456+0000] {logging_mixin.py:154} INFO - [2025-12-30T18:40:38.455+0000] {dag.py:2941} INFO - Sync 1 DAGs
[2025-12-30T18:40:38.478+0000] {logging_mixin.py:154} INFO - [2025-12-30T18:40:38.478+0000] {dag.py:3722} INFO - Setting next_dagrun for taxi_api_simulation to 2025-12-30T18:40:14.877378+00:00, run_after=2025-12-30T18:45:14.877378+00:00
[2025-12-30T18:40:38.506+0000] {processor.py:179} INFO - Processing /opt/airflow/dags/taxi_api_simulation_dag.py took 0.636 seconds
[2025-12-30T18:41:09.196+0000] {processor.py:157} INFO - Started process (PID=373) to work on /opt/airflow/dags/taxi_api_simulation_dag.py
[2025-12-30T18:41:09.197+0000] {processor.py:829} INFO - Processing file /opt/airflow/dags/taxi_api_simulation_dag.py for tasks to queue
[2025-12-30T18:41:09.198+0000] {logging_mixin.py:154} INFO - [2025-12-30T18:41:09.198+0000] {dagbag.py:536} INFO - Filling up the DagBag from /opt/airflow/dags/taxi_api_simulation_dag.py
[2025-12-30T18:41:09.580+0000] {processor.py:839} INFO - DAG(s) dict_keys(['taxi_api_simulation']) retrieved from /opt/airflow/dags/taxi_api_simulation_dag.py
[2025-12-30T18:41:09.608+0000] {logging_mixin.py:154} INFO - [2025-12-30T18:41:09.607+0000] {dag.py:2941} INFO - Sync 1 DAGs
[2025-12-30T18:41:09.634+0000] {logging_mixin.py:154} INFO - [2025-12-30T18:41:09.634+0000] {dag.py:3722} INFO - Setting next_dagrun for taxi_api_simulation to 2025-12-30T18:40:14.877378+00:00, run_after=2025-12-30T18:45:14.877378+00:00
[2025-12-30T18:41:09.659+0000] {processor.py:179} INFO - Processing /opt/airflow/dags/taxi_api_simulation_dag.py took 0.468 seconds
[2025-12-30T18:41:39.977+0000] {processor.py:157} INFO - Started process (PID=405) to work on /opt/airflow/dags/taxi_api_simulation_dag.py
[2025-12-30T18:41:39.981+0000] {processor.py:829} INFO - Processing file /opt/airflow/dags/taxi_api_simulation_dag.py for tasks to queue
[2025-12-30T18:41:39.983+0000] {logging_mixin.py:154} INFO - [2025-12-30T18:41:39.983+0000] {dagbag.py:536} INFO - Filling up the DagBag from /opt/airflow/dags/taxi_api_simulation_dag.py
[2025-12-30T18:41:40.634+0000] {processor.py:839} INFO - DAG(s) dict_keys(['taxi_api_simulation']) retrieved from /opt/airflow/dags/taxi_api_simulation_dag.py
[2025-12-30T18:41:40.695+0000] {logging_mixin.py:154} INFO - [2025-12-30T18:41:40.694+0000] {dag.py:2941} INFO - Sync 1 DAGs
[2025-12-30T18:41:40.760+0000] {logging_mixin.py:154} INFO - [2025-12-30T18:41:40.760+0000] {dag.py:3722} INFO - Setting next_dagrun for taxi_api_simulation to 2025-12-30T18:40:14.877378+00:00, run_after=2025-12-30T18:45:14.877378+00:00
[2025-12-30T18:41:40.806+0000] {processor.py:179} INFO - Processing /opt/airflow/dags/taxi_api_simulation_dag.py took 0.835 seconds
[2025-12-30T18:42:11.527+0000] {processor.py:157} INFO - Started process (PID=444) to work on /opt/airflow/dags/taxi_api_simulation_dag.py
[2025-12-30T18:42:11.528+0000] {processor.py:829} INFO - Processing file /opt/airflow/dags/taxi_api_simulation_dag.py for tasks to queue
[2025-12-30T18:42:11.529+0000] {logging_mixin.py:154} INFO - [2025-12-30T18:42:11.529+0000] {dagbag.py:536} INFO - Filling up the DagBag from /opt/airflow/dags/taxi_api_simulation_dag.py
[2025-12-30T18:42:11.833+0000] {processor.py:839} INFO - DAG(s) dict_keys(['taxi_api_simulation']) retrieved from /opt/airflow/dags/taxi_api_simulation_dag.py
[2025-12-30T18:42:11.858+0000] {logging_mixin.py:154} INFO - [2025-12-30T18:42:11.858+0000] {dag.py:2941} INFO - Sync 1 DAGs
[2025-12-30T18:42:11.879+0000] {logging_mixin.py:154} INFO - [2025-12-30T18:42:11.878+0000] {dag.py:3722} INFO - Setting next_dagrun for taxi_api_simulation to 2025-12-30T18:40:14.877378+00:00, run_after=2025-12-30T18:45:14.877378+00:00
[2025-12-30T18:42:11.902+0000] {processor.py:179} INFO - Processing /opt/airflow/dags/taxi_api_simulation_dag.py took 0.378 seconds
[2025-12-30T18:42:42.147+0000] {processor.py:157} INFO - Started process (PID=474) to work on /opt/airflow/dags/taxi_api_simulation_dag.py
[2025-12-30T18:42:42.148+0000] {processor.py:829} INFO - Processing file /opt/airflow/dags/taxi_api_simulation_dag.py for tasks to queue
[2025-12-30T18:42:42.150+0000] {logging_mixin.py:154} INFO - [2025-12-30T18:42:42.149+0000] {dagbag.py:536} INFO - Filling up the DagBag from /opt/airflow/dags/taxi_api_simulation_dag.py
[2025-12-30T18:42:42.755+0000] {processor.py:839} INFO - DAG(s) dict_keys(['taxi_api_simulation']) retrieved from /opt/airflow/dags/taxi_api_simulation_dag.py
[2025-12-30T18:42:42.814+0000] {logging_mixin.py:154} INFO - [2025-12-30T18:42:42.813+0000] {dag.py:2941} INFO - Sync 1 DAGs
[2025-12-30T18:42:42.861+0000] {logging_mixin.py:154} INFO - [2025-12-30T18:42:42.860+0000] {dag.py:3722} INFO - Setting next_dagrun for taxi_api_simulation to 2025-12-30T18:40:14.877378+00:00, run_after=2025-12-30T18:45:14.877378+00:00
[2025-12-30T18:42:42.899+0000] {processor.py:179} INFO - Processing /opt/airflow/dags/taxi_api_simulation_dag.py took 0.758 seconds
[2025-12-30T18:43:13.670+0000] {processor.py:157} INFO - Started process (PID=504) to work on /opt/airflow/dags/taxi_api_simulation_dag.py
[2025-12-30T18:43:13.676+0000] {processor.py:829} INFO - Processing file /opt/airflow/dags/taxi_api_simulation_dag.py for tasks to queue
[2025-12-30T18:43:13.678+0000] {logging_mixin.py:154} INFO - [2025-12-30T18:43:13.677+0000] {dagbag.py:536} INFO - Filling up the DagBag from /opt/airflow/dags/taxi_api_simulation_dag.py
[2025-12-30T18:43:14.439+0000] {processor.py:839} INFO - DAG(s) dict_keys(['taxi_api_simulation']) retrieved from /opt/airflow/dags/taxi_api_simulation_dag.py
[2025-12-30T18:43:14.490+0000] {logging_mixin.py:154} INFO - [2025-12-30T18:43:14.489+0000] {dag.py:2941} INFO - Sync 1 DAGs
[2025-12-30T18:43:14.768+0000] {logging_mixin.py:154} INFO - [2025-12-30T18:43:14.767+0000] {dag.py:3722} INFO - Setting next_dagrun for taxi_api_simulation to 2025-12-30T18:40:14.877378+00:00, run_after=2025-12-30T18:45:14.877378+00:00
[2025-12-30T18:43:14.801+0000] {processor.py:179} INFO - Processing /opt/airflow/dags/taxi_api_simulation_dag.py took 1.160 seconds
[2025-12-30T18:43:45.276+0000] {processor.py:157} INFO - Started process (PID=534) to work on /opt/airflow/dags/taxi_api_simulation_dag.py
[2025-12-30T18:43:45.280+0000] {processor.py:829} INFO - Processing file /opt/airflow/dags/taxi_api_simulation_dag.py for tasks to queue
[2025-12-30T18:43:45.281+0000] {logging_mixin.py:154} INFO - [2025-12-30T18:43:45.280+0000] {dagbag.py:536} INFO - Filling up the DagBag from /opt/airflow/dags/taxi_api_simulation_dag.py
[2025-12-30T18:43:45.605+0000] {processor.py:839} INFO - DAG(s) dict_keys(['taxi_api_simulation']) retrieved from /opt/airflow/dags/taxi_api_simulation_dag.py
[2025-12-30T18:43:45.624+0000] {logging_mixin.py:154} INFO - [2025-12-30T18:43:45.624+0000] {dag.py:2941} INFO - Sync 1 DAGs
[2025-12-30T18:43:45.641+0000] {logging_mixin.py:154} INFO - [2025-12-30T18:43:45.640+0000] {dag.py:3722} INFO - Setting next_dagrun for taxi_api_simulation to 2025-12-30T18:40:14.877378+00:00, run_after=2025-12-30T18:45:14.877378+00:00
[2025-12-30T18:43:45.660+0000] {processor.py:179} INFO - Processing /opt/airflow/dags/taxi_api_simulation_dag.py took 0.388 seconds
[2025-12-30T18:44:16.633+0000] {processor.py:157} INFO - Started process (PID=564) to work on /opt/airflow/dags/taxi_api_simulation_dag.py
[2025-12-30T18:44:16.634+0000] {processor.py:829} INFO - Processing file /opt/airflow/dags/taxi_api_simulation_dag.py for tasks to queue
[2025-12-30T18:44:16.635+0000] {logging_mixin.py:154} INFO - [2025-12-30T18:44:16.634+0000] {dagbag.py:536} INFO - Filling up the DagBag from /opt/airflow/dags/taxi_api_simulation_dag.py
[2025-12-30T18:44:16.979+0000] {processor.py:839} INFO - DAG(s) dict_keys(['taxi_api_simulation']) retrieved from /opt/airflow/dags/taxi_api_simulation_dag.py
[2025-12-30T18:44:16.999+0000] {logging_mixin.py:154} INFO - [2025-12-30T18:44:16.999+0000] {dag.py:2941} INFO - Sync 1 DAGs
[2025-12-30T18:44:17.015+0000] {logging_mixin.py:154} INFO - [2025-12-30T18:44:17.015+0000] {dag.py:3722} INFO - Setting next_dagrun for taxi_api_simulation to 2025-12-30T18:40:14.877378+00:00, run_after=2025-12-30T18:45:14.877378+00:00
[2025-12-30T18:44:17.035+0000] {processor.py:179} INFO - Processing /opt/airflow/dags/taxi_api_simulation_dag.py took 0.405 seconds
[2025-12-30T18:44:47.617+0000] {processor.py:157} INFO - Started process (PID=592) to work on /opt/airflow/dags/taxi_api_simulation_dag.py
[2025-12-30T18:44:47.619+0000] {processor.py:829} INFO - Processing file /opt/airflow/dags/taxi_api_simulation_dag.py for tasks to queue
[2025-12-30T18:44:47.621+0000] {logging_mixin.py:154} INFO - [2025-12-30T18:44:47.620+0000] {dagbag.py:536} INFO - Filling up the DagBag from /opt/airflow/dags/taxi_api_simulation_dag.py
[2025-12-30T18:44:48.062+0000] {processor.py:839} INFO - DAG(s) dict_keys(['taxi_api_simulation']) retrieved from /opt/airflow/dags/taxi_api_simulation_dag.py
[2025-12-30T18:44:48.093+0000] {logging_mixin.py:154} INFO - [2025-12-30T18:44:48.092+0000] {dag.py:2941} INFO - Sync 1 DAGs
[2025-12-30T18:44:48.125+0000] {logging_mixin.py:154} INFO - [2025-12-30T18:44:48.124+0000] {dag.py:3722} INFO - Setting next_dagrun for taxi_api_simulation to 2025-12-30T18:40:14.877378+00:00, run_after=2025-12-30T18:45:14.877378+00:00
[2025-12-30T18:44:48.154+0000] {processor.py:179} INFO - Processing /opt/airflow/dags/taxi_api_simulation_dag.py took 0.543 seconds
[2025-12-30T18:45:18.519+0000] {processor.py:157} INFO - Started process (PID=649) to work on /opt/airflow/dags/taxi_api_simulation_dag.py
[2025-12-30T18:45:18.520+0000] {processor.py:829} INFO - Processing file /opt/airflow/dags/taxi_api_simulation_dag.py for tasks to queue
[2025-12-30T18:45:18.521+0000] {logging_mixin.py:154} INFO - [2025-12-30T18:45:18.521+0000] {dagbag.py:536} INFO - Filling up the DagBag from /opt/airflow/dags/taxi_api_simulation_dag.py
[2025-12-30T18:45:18.826+0000] {processor.py:839} INFO - DAG(s) dict_keys(['taxi_api_simulation']) retrieved from /opt/airflow/dags/taxi_api_simulation_dag.py
[2025-12-30T18:45:18.853+0000] {logging_mixin.py:154} INFO - [2025-12-30T18:45:18.852+0000] {dag.py:2941} INFO - Sync 1 DAGs
[2025-12-30T18:45:18.886+0000] {logging_mixin.py:154} INFO - [2025-12-30T18:45:18.886+0000] {dag.py:3722} INFO - Setting next_dagrun for taxi_api_simulation to 2025-12-30T18:45:14.877378+00:00, run_after=2025-12-30T18:50:14.877378+00:00
[2025-12-30T18:45:18.914+0000] {processor.py:179} INFO - Processing /opt/airflow/dags/taxi_api_simulation_dag.py took 0.400 seconds
[2025-12-30T18:45:50.541+0000] {processor.py:157} INFO - Started process (PID=678) to work on /opt/airflow/dags/taxi_api_simulation_dag.py
[2025-12-30T18:45:50.543+0000] {processor.py:829} INFO - Processing file /opt/airflow/dags/taxi_api_simulation_dag.py for tasks to queue
[2025-12-30T18:45:50.543+0000] {logging_mixin.py:154} INFO - [2025-12-30T18:45:50.543+0000] {dagbag.py:536} INFO - Filling up the DagBag from /opt/airflow/dags/taxi_api_simulation_dag.py
[2025-12-30T18:45:50.821+0000] {processor.py:839} INFO - DAG(s) dict_keys(['taxi_api_simulation']) retrieved from /opt/airflow/dags/taxi_api_simulation_dag.py
[2025-12-30T18:45:50.853+0000] {logging_mixin.py:154} INFO - [2025-12-30T18:45:50.852+0000] {dag.py:2941} INFO - Sync 1 DAGs
[2025-12-30T18:45:50.925+0000] {logging_mixin.py:154} INFO - [2025-12-30T18:45:50.925+0000] {dag.py:3722} INFO - Setting next_dagrun for taxi_api_simulation to 2025-12-30T18:45:14.877378+00:00, run_after=2025-12-30T18:50:14.877378+00:00
[2025-12-30T18:45:50.979+0000] {processor.py:179} INFO - Processing /opt/airflow/dags/taxi_api_simulation_dag.py took 0.441 seconds
[2025-12-30T18:46:21.331+0000] {processor.py:157} INFO - Started process (PID=712) to work on /opt/airflow/dags/taxi_api_simulation_dag.py
[2025-12-30T18:46:21.332+0000] {processor.py:829} INFO - Processing file /opt/airflow/dags/taxi_api_simulation_dag.py for tasks to queue
[2025-12-30T18:46:21.333+0000] {logging_mixin.py:154} INFO - [2025-12-30T18:46:21.333+0000] {dagbag.py:536} INFO - Filling up the DagBag from /opt/airflow/dags/taxi_api_simulation_dag.py
[2025-12-30T18:46:21.761+0000] {processor.py:839} INFO - DAG(s) dict_keys(['taxi_api_simulation']) retrieved from /opt/airflow/dags/taxi_api_simulation_dag.py
[2025-12-30T18:46:21.786+0000] {logging_mixin.py:154} INFO - [2025-12-30T18:46:21.785+0000] {dag.py:2941} INFO - Sync 1 DAGs
[2025-12-30T18:46:21.805+0000] {logging_mixin.py:154} INFO - [2025-12-30T18:46:21.805+0000] {dag.py:3722} INFO - Setting next_dagrun for taxi_api_simulation to 2025-12-30T18:45:14.877378+00:00, run_after=2025-12-30T18:50:14.877378+00:00
[2025-12-30T18:46:21.825+0000] {processor.py:179} INFO - Processing /opt/airflow/dags/taxi_api_simulation_dag.py took 0.499 seconds
[2025-12-30T18:46:51.967+0000] {processor.py:157} INFO - Started process (PID=744) to work on /opt/airflow/dags/taxi_api_simulation_dag.py
[2025-12-30T18:46:51.969+0000] {processor.py:829} INFO - Processing file /opt/airflow/dags/taxi_api_simulation_dag.py for tasks to queue
[2025-12-30T18:46:51.969+0000] {logging_mixin.py:154} INFO - [2025-12-30T18:46:51.969+0000] {dagbag.py:536} INFO - Filling up the DagBag from /opt/airflow/dags/taxi_api_simulation_dag.py
[2025-12-30T18:46:52.212+0000] {processor.py:839} INFO - DAG(s) dict_keys(['taxi_api_simulation']) retrieved from /opt/airflow/dags/taxi_api_simulation_dag.py
[2025-12-30T18:46:52.234+0000] {logging_mixin.py:154} INFO - [2025-12-30T18:46:52.234+0000] {dag.py:2941} INFO - Sync 1 DAGs
[2025-12-30T18:46:52.253+0000] {logging_mixin.py:154} INFO - [2025-12-30T18:46:52.253+0000] {dag.py:3722} INFO - Setting next_dagrun for taxi_api_simulation to 2025-12-30T18:45:14.877378+00:00, run_after=2025-12-30T18:50:14.877378+00:00
[2025-12-30T18:46:52.381+0000] {processor.py:179} INFO - Processing /opt/airflow/dags/taxi_api_simulation_dag.py took 0.417 seconds
[2025-12-30T18:47:22.600+0000] {processor.py:157} INFO - Started process (PID=774) to work on /opt/airflow/dags/taxi_api_simulation_dag.py
[2025-12-30T18:47:22.601+0000] {processor.py:829} INFO - Processing file /opt/airflow/dags/taxi_api_simulation_dag.py for tasks to queue
[2025-12-30T18:47:22.602+0000] {logging_mixin.py:154} INFO - [2025-12-30T18:47:22.602+0000] {dagbag.py:536} INFO - Filling up the DagBag from /opt/airflow/dags/taxi_api_simulation_dag.py
[2025-12-30T18:47:22.826+0000] {processor.py:839} INFO - DAG(s) dict_keys(['taxi_api_simulation']) retrieved from /opt/airflow/dags/taxi_api_simulation_dag.py
[2025-12-30T18:47:22.849+0000] {logging_mixin.py:154} INFO - [2025-12-30T18:47:22.849+0000] {dag.py:2941} INFO - Sync 1 DAGs
[2025-12-30T18:47:22.869+0000] {logging_mixin.py:154} INFO - [2025-12-30T18:47:22.869+0000] {dag.py:3722} INFO - Setting next_dagrun for taxi_api_simulation to 2025-12-30T18:45:14.877378+00:00, run_after=2025-12-30T18:50:14.877378+00:00
[2025-12-30T18:47:22.892+0000] {processor.py:179} INFO - Processing /opt/airflow/dags/taxi_api_simulation_dag.py took 0.295 seconds
[2025-12-30T18:47:53.872+0000] {processor.py:157} INFO - Started process (PID=804) to work on /opt/airflow/dags/taxi_api_simulation_dag.py
[2025-12-30T18:47:53.873+0000] {processor.py:829} INFO - Processing file /opt/airflow/dags/taxi_api_simulation_dag.py for tasks to queue
[2025-12-30T18:47:53.874+0000] {logging_mixin.py:154} INFO - [2025-12-30T18:47:53.874+0000] {dagbag.py:536} INFO - Filling up the DagBag from /opt/airflow/dags/taxi_api_simulation_dag.py
[2025-12-30T18:47:54.446+0000] {processor.py:839} INFO - DAG(s) dict_keys(['taxi_api_simulation']) retrieved from /opt/airflow/dags/taxi_api_simulation_dag.py
[2025-12-30T18:47:54.468+0000] {logging_mixin.py:154} INFO - [2025-12-30T18:47:54.468+0000] {dag.py:2941} INFO - Sync 1 DAGs
[2025-12-30T18:47:54.491+0000] {logging_mixin.py:154} INFO - [2025-12-30T18:47:54.490+0000] {dag.py:3722} INFO - Setting next_dagrun for taxi_api_simulation to 2025-12-30T18:45:14.877378+00:00, run_after=2025-12-30T18:50:14.877378+00:00
[2025-12-30T18:47:54.512+0000] {processor.py:179} INFO - Processing /opt/airflow/dags/taxi_api_simulation_dag.py took 0.506 seconds
[2025-12-30T18:48:25.396+0000] {processor.py:157} INFO - Started process (PID=834) to work on /opt/airflow/dags/taxi_api_simulation_dag.py
[2025-12-30T18:48:25.397+0000] {processor.py:829} INFO - Processing file /opt/airflow/dags/taxi_api_simulation_dag.py for tasks to queue
[2025-12-30T18:48:25.398+0000] {logging_mixin.py:154} INFO - [2025-12-30T18:48:25.398+0000] {dagbag.py:536} INFO - Filling up the DagBag from /opt/airflow/dags/taxi_api_simulation_dag.py
[2025-12-30T18:48:25.745+0000] {processor.py:839} INFO - DAG(s) dict_keys(['taxi_api_simulation']) retrieved from /opt/airflow/dags/taxi_api_simulation_dag.py
[2025-12-30T18:48:25.765+0000] {logging_mixin.py:154} INFO - [2025-12-30T18:48:25.765+0000] {dag.py:2941} INFO - Sync 1 DAGs
[2025-12-30T18:48:25.782+0000] {logging_mixin.py:154} INFO - [2025-12-30T18:48:25.782+0000] {dag.py:3722} INFO - Setting next_dagrun for taxi_api_simulation to 2025-12-30T18:45:14.877378+00:00, run_after=2025-12-30T18:50:14.877378+00:00
[2025-12-30T18:48:25.802+0000] {processor.py:179} INFO - Processing /opt/airflow/dags/taxi_api_simulation_dag.py took 0.410 seconds
[2025-12-30T18:48:56.699+0000] {processor.py:157} INFO - Started process (PID=864) to work on /opt/airflow/dags/taxi_api_simulation_dag.py
[2025-12-30T18:48:56.700+0000] {processor.py:829} INFO - Processing file /opt/airflow/dags/taxi_api_simulation_dag.py for tasks to queue
[2025-12-30T18:48:56.700+0000] {logging_mixin.py:154} INFO - [2025-12-30T18:48:56.700+0000] {dagbag.py:536} INFO - Filling up the DagBag from /opt/airflow/dags/taxi_api_simulation_dag.py
[2025-12-30T18:48:57.090+0000] {processor.py:839} INFO - DAG(s) dict_keys(['taxi_api_simulation']) retrieved from /opt/airflow/dags/taxi_api_simulation_dag.py
[2025-12-30T18:48:57.110+0000] {logging_mixin.py:154} INFO - [2025-12-30T18:48:57.110+0000] {dag.py:2941} INFO - Sync 1 DAGs
[2025-12-30T18:48:57.127+0000] {logging_mixin.py:154} INFO - [2025-12-30T18:48:57.126+0000] {dag.py:3722} INFO - Setting next_dagrun for taxi_api_simulation to 2025-12-30T18:45:14.877378+00:00, run_after=2025-12-30T18:50:14.877378+00:00
[2025-12-30T18:48:57.145+0000] {processor.py:179} INFO - Processing /opt/airflow/dags/taxi_api_simulation_dag.py took 0.450 seconds
[2025-12-30T18:49:28.174+0000] {processor.py:157} INFO - Started process (PID=894) to work on /opt/airflow/dags/taxi_api_simulation_dag.py
[2025-12-30T18:49:28.175+0000] {processor.py:829} INFO - Processing file /opt/airflow/dags/taxi_api_simulation_dag.py for tasks to queue
[2025-12-30T18:49:28.176+0000] {logging_mixin.py:154} INFO - [2025-12-30T18:49:28.175+0000] {dagbag.py:536} INFO - Filling up the DagBag from /opt/airflow/dags/taxi_api_simulation_dag.py
[2025-12-30T18:49:28.557+0000] {processor.py:839} INFO - DAG(s) dict_keys(['taxi_api_simulation']) retrieved from /opt/airflow/dags/taxi_api_simulation_dag.py
[2025-12-30T18:49:28.578+0000] {logging_mixin.py:154} INFO - [2025-12-30T18:49:28.577+0000] {dag.py:2941} INFO - Sync 1 DAGs
[2025-12-30T18:49:28.595+0000] {logging_mixin.py:154} INFO - [2025-12-30T18:49:28.595+0000] {dag.py:3722} INFO - Setting next_dagrun for taxi_api_simulation to 2025-12-30T18:45:14.877378+00:00, run_after=2025-12-30T18:50:14.877378+00:00
[2025-12-30T18:49:28.616+0000] {processor.py:179} INFO - Processing /opt/airflow/dags/taxi_api_simulation_dag.py took 0.447 seconds
[2025-12-30T18:49:59.473+0000] {processor.py:157} INFO - Started process (PID=924) to work on /opt/airflow/dags/taxi_api_simulation_dag.py
[2025-12-30T18:49:59.474+0000] {processor.py:829} INFO - Processing file /opt/airflow/dags/taxi_api_simulation_dag.py for tasks to queue
[2025-12-30T18:49:59.475+0000] {logging_mixin.py:154} INFO - [2025-12-30T18:49:59.475+0000] {dagbag.py:536} INFO - Filling up the DagBag from /opt/airflow/dags/taxi_api_simulation_dag.py
[2025-12-30T18:49:59.831+0000] {processor.py:839} INFO - DAG(s) dict_keys(['taxi_api_simulation']) retrieved from /opt/airflow/dags/taxi_api_simulation_dag.py
[2025-12-30T18:49:59.852+0000] {logging_mixin.py:154} INFO - [2025-12-30T18:49:59.851+0000] {dag.py:2941} INFO - Sync 1 DAGs
[2025-12-30T18:49:59.874+0000] {logging_mixin.py:154} INFO - [2025-12-30T18:49:59.873+0000] {dag.py:3722} INFO - Setting next_dagrun for taxi_api_simulation to 2025-12-30T18:45:14.877378+00:00, run_after=2025-12-30T18:50:14.877378+00:00
[2025-12-30T18:49:59.900+0000] {processor.py:179} INFO - Processing /opt/airflow/dags/taxi_api_simulation_dag.py took 0.430 seconds
[2025-12-30T18:50:30.748+0000] {processor.py:157} INFO - Started process (PID=980) to work on /opt/airflow/dags/taxi_api_simulation_dag.py
[2025-12-30T18:50:30.749+0000] {processor.py:829} INFO - Processing file /opt/airflow/dags/taxi_api_simulation_dag.py for tasks to queue
[2025-12-30T18:50:30.750+0000] {logging_mixin.py:154} INFO - [2025-12-30T18:50:30.750+0000] {dagbag.py:536} INFO - Filling up the DagBag from /opt/airflow/dags/taxi_api_simulation_dag.py
[2025-12-30T18:50:31.150+0000] {processor.py:839} INFO - DAG(s) dict_keys(['taxi_api_simulation']) retrieved from /opt/airflow/dags/taxi_api_simulation_dag.py
[2025-12-30T18:50:31.169+0000] {logging_mixin.py:154} INFO - [2025-12-30T18:50:31.169+0000] {dag.py:2941} INFO - Sync 1 DAGs
[2025-12-30T18:50:31.187+0000] {logging_mixin.py:154} INFO - [2025-12-30T18:50:31.186+0000] {dag.py:3722} INFO - Setting next_dagrun for taxi_api_simulation to 2025-12-30T18:50:14.877378+00:00, run_after=2025-12-30T18:55:14.877378+00:00
[2025-12-30T18:50:31.206+0000] {processor.py:179} INFO - Processing /opt/airflow/dags/taxi_api_simulation_dag.py took 0.461 seconds
[2025-12-30T18:51:02.123+0000] {processor.py:157} INFO - Started process (PID=1010) to work on /opt/airflow/dags/taxi_api_simulation_dag.py
[2025-12-30T18:51:02.124+0000] {processor.py:829} INFO - Processing file /opt/airflow/dags/taxi_api_simulation_dag.py for tasks to queue
[2025-12-30T18:51:02.125+0000] {logging_mixin.py:154} INFO - [2025-12-30T18:51:02.125+0000] {dagbag.py:536} INFO - Filling up the DagBag from /opt/airflow/dags/taxi_api_simulation_dag.py
[2025-12-30T18:51:02.473+0000] {processor.py:839} INFO - DAG(s) dict_keys(['taxi_api_simulation']) retrieved from /opt/airflow/dags/taxi_api_simulation_dag.py
[2025-12-30T18:51:02.494+0000] {logging_mixin.py:154} INFO - [2025-12-30T18:51:02.494+0000] {dag.py:2941} INFO - Sync 1 DAGs
[2025-12-30T18:51:02.515+0000] {logging_mixin.py:154} INFO - [2025-12-30T18:51:02.515+0000] {dag.py:3722} INFO - Setting next_dagrun for taxi_api_simulation to 2025-12-30T18:50:14.877378+00:00, run_after=2025-12-30T18:55:14.877378+00:00
[2025-12-30T18:51:02.535+0000] {processor.py:179} INFO - Processing /opt/airflow/dags/taxi_api_simulation_dag.py took 0.415 seconds
[2025-12-30T18:51:33.621+0000] {processor.py:157} INFO - Started process (PID=1044) to work on /opt/airflow/dags/taxi_api_simulation_dag.py
[2025-12-30T18:51:33.623+0000] {processor.py:829} INFO - Processing file /opt/airflow/dags/taxi_api_simulation_dag.py for tasks to queue
[2025-12-30T18:51:33.624+0000] {logging_mixin.py:154} INFO - [2025-12-30T18:51:33.623+0000] {dagbag.py:536} INFO - Filling up the DagBag from /opt/airflow/dags/taxi_api_simulation_dag.py
[2025-12-30T18:51:34.167+0000] {processor.py:839} INFO - DAG(s) dict_keys(['taxi_api_simulation']) retrieved from /opt/airflow/dags/taxi_api_simulation_dag.py
[2025-12-30T18:51:34.191+0000] {logging_mixin.py:154} INFO - [2025-12-30T18:51:34.191+0000] {dag.py:2941} INFO - Sync 1 DAGs
[2025-12-30T18:51:34.214+0000] {logging_mixin.py:154} INFO - [2025-12-30T18:51:34.214+0000] {dag.py:3722} INFO - Setting next_dagrun for taxi_api_simulation to 2025-12-30T18:50:14.877378+00:00, run_after=2025-12-30T18:55:14.877378+00:00
[2025-12-30T18:51:34.241+0000] {processor.py:179} INFO - Processing /opt/airflow/dags/taxi_api_simulation_dag.py took 0.625 seconds
[2025-12-30T18:52:04.718+0000] {processor.py:157} INFO - Started process (PID=1074) to work on /opt/airflow/dags/taxi_api_simulation_dag.py
[2025-12-30T18:52:04.720+0000] {processor.py:829} INFO - Processing file /opt/airflow/dags/taxi_api_simulation_dag.py for tasks to queue
[2025-12-30T18:52:04.721+0000] {logging_mixin.py:154} INFO - [2025-12-30T18:52:04.720+0000] {dagbag.py:536} INFO - Filling up the DagBag from /opt/airflow/dags/taxi_api_simulation_dag.py
[2025-12-30T18:52:05.135+0000] {processor.py:839} INFO - DAG(s) dict_keys(['taxi_api_simulation']) retrieved from /opt/airflow/dags/taxi_api_simulation_dag.py
[2025-12-30T18:52:05.158+0000] {logging_mixin.py:154} INFO - [2025-12-30T18:52:05.157+0000] {dag.py:2941} INFO - Sync 1 DAGs
[2025-12-30T18:52:05.176+0000] {logging_mixin.py:154} INFO - [2025-12-30T18:52:05.176+0000] {dag.py:3722} INFO - Setting next_dagrun for taxi_api_simulation to 2025-12-30T18:50:14.877378+00:00, run_after=2025-12-30T18:55:14.877378+00:00
[2025-12-30T18:52:05.198+0000] {processor.py:179} INFO - Processing /opt/airflow/dags/taxi_api_simulation_dag.py took 0.487 seconds
[2025-12-30T18:52:36.195+0000] {processor.py:157} INFO - Started process (PID=1104) to work on /opt/airflow/dags/taxi_api_simulation_dag.py
[2025-12-30T18:52:36.198+0000] {processor.py:829} INFO - Processing file /opt/airflow/dags/taxi_api_simulation_dag.py for tasks to queue
[2025-12-30T18:52:36.199+0000] {logging_mixin.py:154} INFO - [2025-12-30T18:52:36.199+0000] {dagbag.py:536} INFO - Filling up the DagBag from /opt/airflow/dags/taxi_api_simulation_dag.py
[2025-12-30T18:52:37.045+0000] {processor.py:839} INFO - DAG(s) dict_keys(['taxi_api_simulation']) retrieved from /opt/airflow/dags/taxi_api_simulation_dag.py
[2025-12-30T18:52:37.103+0000] {logging_mixin.py:154} INFO - [2025-12-30T18:52:37.102+0000] {dag.py:2941} INFO - Sync 1 DAGs
[2025-12-30T18:52:37.146+0000] {logging_mixin.py:154} INFO - [2025-12-30T18:52:37.146+0000] {dag.py:3722} INFO - Setting next_dagrun for taxi_api_simulation to 2025-12-30T18:50:14.877378+00:00, run_after=2025-12-30T18:55:14.877378+00:00
[2025-12-30T18:52:37.209+0000] {processor.py:179} INFO - Processing /opt/airflow/dags/taxi_api_simulation_dag.py took 1.025 seconds
[2025-12-30T18:53:08.051+0000] {processor.py:157} INFO - Started process (PID=1133) to work on /opt/airflow/dags/taxi_api_simulation_dag.py
[2025-12-30T18:53:08.055+0000] {processor.py:829} INFO - Processing file /opt/airflow/dags/taxi_api_simulation_dag.py for tasks to queue
[2025-12-30T18:53:08.056+0000] {logging_mixin.py:154} INFO - [2025-12-30T18:53:08.055+0000] {dagbag.py:536} INFO - Filling up the DagBag from /opt/airflow/dags/taxi_api_simulation_dag.py
[2025-12-30T18:53:08.293+0000] {processor.py:839} INFO - DAG(s) dict_keys(['taxi_api_simulation']) retrieved from /opt/airflow/dags/taxi_api_simulation_dag.py
[2025-12-30T18:53:08.317+0000] {logging_mixin.py:154} INFO - [2025-12-30T18:53:08.317+0000] {dag.py:2941} INFO - Sync 1 DAGs
[2025-12-30T18:53:08.338+0000] {logging_mixin.py:154} INFO - [2025-12-30T18:53:08.338+0000] {dag.py:3722} INFO - Setting next_dagrun for taxi_api_simulation to 2025-12-30T18:50:14.877378+00:00, run_after=2025-12-30T18:55:14.877378+00:00
[2025-12-30T18:53:08.363+0000] {processor.py:179} INFO - Processing /opt/airflow/dags/taxi_api_simulation_dag.py took 0.315 seconds
[2025-12-30T18:53:38.926+0000] {processor.py:157} INFO - Started process (PID=1163) to work on /opt/airflow/dags/taxi_api_simulation_dag.py
[2025-12-30T18:53:38.928+0000] {processor.py:829} INFO - Processing file /opt/airflow/dags/taxi_api_simulation_dag.py for tasks to queue
[2025-12-30T18:53:38.929+0000] {logging_mixin.py:154} INFO - [2025-12-30T18:53:38.929+0000] {dagbag.py:536} INFO - Filling up the DagBag from /opt/airflow/dags/taxi_api_simulation_dag.py
[2025-12-30T18:53:39.223+0000] {processor.py:839} INFO - DAG(s) dict_keys(['taxi_api_simulation']) retrieved from /opt/airflow/dags/taxi_api_simulation_dag.py
[2025-12-30T18:53:39.249+0000] {logging_mixin.py:154} INFO - [2025-12-30T18:53:39.248+0000] {dag.py:2941} INFO - Sync 1 DAGs
[2025-12-30T18:53:39.272+0000] {logging_mixin.py:154} INFO - [2025-12-30T18:53:39.272+0000] {dag.py:3722} INFO - Setting next_dagrun for taxi_api_simulation to 2025-12-30T18:50:14.877378+00:00, run_after=2025-12-30T18:55:14.877378+00:00
[2025-12-30T18:53:39.297+0000] {processor.py:179} INFO - Processing /opt/airflow/dags/taxi_api_simulation_dag.py took 0.374 seconds
[2025-12-30T18:54:10.118+0000] {processor.py:157} INFO - Started process (PID=1193) to work on /opt/airflow/dags/taxi_api_simulation_dag.py
[2025-12-30T18:54:10.119+0000] {processor.py:829} INFO - Processing file /opt/airflow/dags/taxi_api_simulation_dag.py for tasks to queue
[2025-12-30T18:54:10.120+0000] {logging_mixin.py:154} INFO - [2025-12-30T18:54:10.120+0000] {dagbag.py:536} INFO - Filling up the DagBag from /opt/airflow/dags/taxi_api_simulation_dag.py
[2025-12-30T18:54:10.362+0000] {processor.py:839} INFO - DAG(s) dict_keys(['taxi_api_simulation']) retrieved from /opt/airflow/dags/taxi_api_simulation_dag.py
[2025-12-30T18:54:10.384+0000] {logging_mixin.py:154} INFO - [2025-12-30T18:54:10.383+0000] {dag.py:2941} INFO - Sync 1 DAGs
[2025-12-30T18:54:10.401+0000] {logging_mixin.py:154} INFO - [2025-12-30T18:54:10.401+0000] {dag.py:3722} INFO - Setting next_dagrun for taxi_api_simulation to 2025-12-30T18:50:14.877378+00:00, run_after=2025-12-30T18:55:14.877378+00:00
[2025-12-30T18:54:10.420+0000] {processor.py:179} INFO - Processing /opt/airflow/dags/taxi_api_simulation_dag.py took 0.305 seconds
[2025-12-30T18:54:41.192+0000] {processor.py:157} INFO - Started process (PID=1223) to work on /opt/airflow/dags/taxi_api_simulation_dag.py
[2025-12-30T18:54:41.196+0000] {processor.py:829} INFO - Processing file /opt/airflow/dags/taxi_api_simulation_dag.py for tasks to queue
[2025-12-30T18:54:41.197+0000] {logging_mixin.py:154} INFO - [2025-12-30T18:54:41.197+0000] {dagbag.py:536} INFO - Filling up the DagBag from /opt/airflow/dags/taxi_api_simulation_dag.py
[2025-12-30T18:54:41.442+0000] {processor.py:839} INFO - DAG(s) dict_keys(['taxi_api_simulation']) retrieved from /opt/airflow/dags/taxi_api_simulation_dag.py
[2025-12-30T18:54:41.468+0000] {logging_mixin.py:154} INFO - [2025-12-30T18:54:41.467+0000] {dag.py:2941} INFO - Sync 1 DAGs
[2025-12-30T18:54:41.490+0000] {logging_mixin.py:154} INFO - [2025-12-30T18:54:41.490+0000] {dag.py:3722} INFO - Setting next_dagrun for taxi_api_simulation to 2025-12-30T18:50:14.877378+00:00, run_after=2025-12-30T18:55:14.877378+00:00
[2025-12-30T18:54:41.520+0000] {processor.py:179} INFO - Processing /opt/airflow/dags/taxi_api_simulation_dag.py took 0.332 seconds
[2025-12-30T18:55:12.029+0000] {processor.py:157} INFO - Started process (PID=1270) to work on /opt/airflow/dags/taxi_api_simulation_dag.py
[2025-12-30T18:55:12.031+0000] {processor.py:829} INFO - Processing file /opt/airflow/dags/taxi_api_simulation_dag.py for tasks to queue
[2025-12-30T18:55:12.032+0000] {logging_mixin.py:154} INFO - [2025-12-30T18:55:12.032+0000] {dagbag.py:536} INFO - Filling up the DagBag from /opt/airflow/dags/taxi_api_simulation_dag.py
[2025-12-30T18:55:12.324+0000] {processor.py:839} INFO - DAG(s) dict_keys(['taxi_api_simulation']) retrieved from /opt/airflow/dags/taxi_api_simulation_dag.py
[2025-12-30T18:55:12.351+0000] {logging_mixin.py:154} INFO - [2025-12-30T18:55:12.351+0000] {dag.py:2941} INFO - Sync 1 DAGs
[2025-12-30T18:55:12.377+0000] {logging_mixin.py:154} INFO - [2025-12-30T18:55:12.377+0000] {dag.py:3722} INFO - Setting next_dagrun for taxi_api_simulation to 2025-12-30T18:50:14.877378+00:00, run_after=2025-12-30T18:55:14.877378+00:00
[2025-12-30T18:55:12.405+0000] {processor.py:179} INFO - Processing /opt/airflow/dags/taxi_api_simulation_dag.py took 0.379 seconds
[2025-12-30T18:55:43.175+0000] {processor.py:157} INFO - Started process (PID=1309) to work on /opt/airflow/dags/taxi_api_simulation_dag.py
[2025-12-30T18:55:43.177+0000] {processor.py:829} INFO - Processing file /opt/airflow/dags/taxi_api_simulation_dag.py for tasks to queue
[2025-12-30T18:55:43.177+0000] {logging_mixin.py:154} INFO - [2025-12-30T18:55:43.177+0000] {dagbag.py:536} INFO - Filling up the DagBag from /opt/airflow/dags/taxi_api_simulation_dag.py
[2025-12-30T18:55:43.397+0000] {processor.py:839} INFO - DAG(s) dict_keys(['taxi_api_simulation']) retrieved from /opt/airflow/dags/taxi_api_simulation_dag.py
[2025-12-30T18:55:43.419+0000] {logging_mixin.py:154} INFO - [2025-12-30T18:55:43.418+0000] {dag.py:2941} INFO - Sync 1 DAGs
[2025-12-30T18:55:43.437+0000] {logging_mixin.py:154} INFO - [2025-12-30T18:55:43.437+0000] {dag.py:3722} INFO - Setting next_dagrun for taxi_api_simulation to 2025-12-30T18:55:14.877378+00:00, run_after=2025-12-30T19:00:14.877378+00:00
[2025-12-30T18:55:43.457+0000] {processor.py:179} INFO - Processing /opt/airflow/dags/taxi_api_simulation_dag.py took 0.285 seconds
[2025-12-30T18:56:13.612+0000] {processor.py:157} INFO - Started process (PID=1339) to work on /opt/airflow/dags/taxi_api_simulation_dag.py
[2025-12-30T18:56:13.613+0000] {processor.py:829} INFO - Processing file /opt/airflow/dags/taxi_api_simulation_dag.py for tasks to queue
[2025-12-30T18:56:13.614+0000] {logging_mixin.py:154} INFO - [2025-12-30T18:56:13.614+0000] {dagbag.py:536} INFO - Filling up the DagBag from /opt/airflow/dags/taxi_api_simulation_dag.py
[2025-12-30T18:56:13.896+0000] {processor.py:839} INFO - DAG(s) dict_keys(['taxi_api_simulation']) retrieved from /opt/airflow/dags/taxi_api_simulation_dag.py
[2025-12-30T18:56:14.113+0000] {logging_mixin.py:154} INFO - [2025-12-30T18:56:14.112+0000] {dag.py:2941} INFO - Sync 1 DAGs
[2025-12-30T18:56:14.134+0000] {logging_mixin.py:154} INFO - [2025-12-30T18:56:14.134+0000] {dag.py:3722} INFO - Setting next_dagrun for taxi_api_simulation to 2025-12-30T18:55:14.877378+00:00, run_after=2025-12-30T19:00:14.877378+00:00
[2025-12-30T18:56:14.154+0000] {processor.py:179} INFO - Processing /opt/airflow/dags/taxi_api_simulation_dag.py took 0.546 seconds
[2025-12-30T18:56:44.996+0000] {processor.py:157} INFO - Started process (PID=1373) to work on /opt/airflow/dags/taxi_api_simulation_dag.py
[2025-12-30T18:56:44.997+0000] {processor.py:829} INFO - Processing file /opt/airflow/dags/taxi_api_simulation_dag.py for tasks to queue
[2025-12-30T18:56:44.997+0000] {logging_mixin.py:154} INFO - [2025-12-30T18:56:44.997+0000] {dagbag.py:536} INFO - Filling up the DagBag from /opt/airflow/dags/taxi_api_simulation_dag.py
[2025-12-30T18:56:45.361+0000] {processor.py:839} INFO - DAG(s) dict_keys(['taxi_api_simulation']) retrieved from /opt/airflow/dags/taxi_api_simulation_dag.py
[2025-12-30T18:56:45.380+0000] {logging_mixin.py:154} INFO - [2025-12-30T18:56:45.380+0000] {dag.py:2941} INFO - Sync 1 DAGs
[2025-12-30T18:56:45.399+0000] {logging_mixin.py:154} INFO - [2025-12-30T18:56:45.399+0000] {dag.py:3722} INFO - Setting next_dagrun for taxi_api_simulation to 2025-12-30T18:55:14.877378+00:00, run_after=2025-12-30T19:00:14.877378+00:00
[2025-12-30T18:56:45.421+0000] {processor.py:179} INFO - Processing /opt/airflow/dags/taxi_api_simulation_dag.py took 0.428 seconds
[2025-12-30T18:57:16.250+0000] {processor.py:157} INFO - Started process (PID=1403) to work on /opt/airflow/dags/taxi_api_simulation_dag.py
[2025-12-30T18:57:16.255+0000] {processor.py:829} INFO - Processing file /opt/airflow/dags/taxi_api_simulation_dag.py for tasks to queue
[2025-12-30T18:57:16.256+0000] {logging_mixin.py:154} INFO - [2025-12-30T18:57:16.256+0000] {dagbag.py:536} INFO - Filling up the DagBag from /opt/airflow/dags/taxi_api_simulation_dag.py
[2025-12-30T18:57:16.587+0000] {processor.py:839} INFO - DAG(s) dict_keys(['taxi_api_simulation']) retrieved from /opt/airflow/dags/taxi_api_simulation_dag.py
[2025-12-30T18:57:16.607+0000] {logging_mixin.py:154} INFO - [2025-12-30T18:57:16.606+0000] {dag.py:2941} INFO - Sync 1 DAGs
[2025-12-30T18:57:16.622+0000] {logging_mixin.py:154} INFO - [2025-12-30T18:57:16.622+0000] {dag.py:3722} INFO - Setting next_dagrun for taxi_api_simulation to 2025-12-30T18:55:14.877378+00:00, run_after=2025-12-30T19:00:14.877378+00:00
[2025-12-30T18:57:16.641+0000] {processor.py:179} INFO - Processing /opt/airflow/dags/taxi_api_simulation_dag.py took 0.394 seconds
[2025-12-30T18:57:47.606+0000] {processor.py:157} INFO - Started process (PID=1440) to work on /opt/airflow/dags/taxi_api_simulation_dag.py
[2025-12-30T18:57:47.607+0000] {processor.py:829} INFO - Processing file /opt/airflow/dags/taxi_api_simulation_dag.py for tasks to queue
[2025-12-30T18:57:47.608+0000] {logging_mixin.py:154} INFO - [2025-12-30T18:57:47.608+0000] {dagbag.py:536} INFO - Filling up the DagBag from /opt/airflow/dags/taxi_api_simulation_dag.py
[2025-12-30T18:57:47.974+0000] {processor.py:839} INFO - DAG(s) dict_keys(['taxi_api_simulation']) retrieved from /opt/airflow/dags/taxi_api_simulation_dag.py
[2025-12-30T18:57:47.995+0000] {logging_mixin.py:154} INFO - [2025-12-30T18:57:47.994+0000] {dag.py:2941} INFO - Sync 1 DAGs
[2025-12-30T18:57:48.017+0000] {logging_mixin.py:154} INFO - [2025-12-30T18:57:48.017+0000] {dag.py:3722} INFO - Setting next_dagrun for taxi_api_simulation to 2025-12-30T18:55:14.877378+00:00, run_after=2025-12-30T19:00:14.877378+00:00
[2025-12-30T18:57:48.035+0000] {processor.py:179} INFO - Processing /opt/airflow/dags/taxi_api_simulation_dag.py took 0.433 seconds
[2025-12-30T18:58:18.508+0000] {processor.py:157} INFO - Started process (PID=1471) to work on /opt/airflow/dags/taxi_api_simulation_dag.py
[2025-12-30T18:58:18.510+0000] {processor.py:829} INFO - Processing file /opt/airflow/dags/taxi_api_simulation_dag.py for tasks to queue
[2025-12-30T18:58:18.511+0000] {logging_mixin.py:154} INFO - [2025-12-30T18:58:18.510+0000] {dagbag.py:536} INFO - Filling up the DagBag from /opt/airflow/dags/taxi_api_simulation_dag.py
[2025-12-30T18:58:19.539+0000] {processor.py:839} INFO - DAG(s) dict_keys(['taxi_api_simulation']) retrieved from /opt/airflow/dags/taxi_api_simulation_dag.py
[2025-12-30T18:58:19.664+0000] {logging_mixin.py:154} INFO - [2025-12-30T18:58:19.663+0000] {dag.py:2941} INFO - Sync 1 DAGs
[2025-12-30T18:58:19.799+0000] {logging_mixin.py:154} INFO - [2025-12-30T18:58:19.787+0000] {dag.py:3722} INFO - Setting next_dagrun for taxi_api_simulation to 2025-12-30T18:55:14.877378+00:00, run_after=2025-12-30T19:00:14.877378+00:00
[2025-12-30T18:58:19.897+0000] {processor.py:179} INFO - Processing /opt/airflow/dags/taxi_api_simulation_dag.py took 1.386 seconds
[2025-12-30T18:58:50.754+0000] {processor.py:157} INFO - Started process (PID=1501) to work on /opt/airflow/dags/taxi_api_simulation_dag.py
[2025-12-30T18:58:50.756+0000] {processor.py:829} INFO - Processing file /opt/airflow/dags/taxi_api_simulation_dag.py for tasks to queue
[2025-12-30T18:58:50.757+0000] {logging_mixin.py:154} INFO - [2025-12-30T18:58:50.757+0000] {dagbag.py:536} INFO - Filling up the DagBag from /opt/airflow/dags/taxi_api_simulation_dag.py
[2025-12-30T18:58:50.996+0000] {processor.py:839} INFO - DAG(s) dict_keys(['taxi_api_simulation']) retrieved from /opt/airflow/dags/taxi_api_simulation_dag.py
[2025-12-30T18:58:51.016+0000] {logging_mixin.py:154} INFO - [2025-12-30T18:58:51.016+0000] {dag.py:2941} INFO - Sync 1 DAGs
[2025-12-30T18:58:51.034+0000] {logging_mixin.py:154} INFO - [2025-12-30T18:58:51.034+0000] {dag.py:3722} INFO - Setting next_dagrun for taxi_api_simulation to 2025-12-30T18:55:14.877378+00:00, run_after=2025-12-30T19:00:14.877378+00:00
[2025-12-30T18:58:51.059+0000] {processor.py:179} INFO - Processing /opt/airflow/dags/taxi_api_simulation_dag.py took 0.308 seconds
[2025-12-30T18:59:21.122+0000] {processor.py:157} INFO - Started process (PID=1531) to work on /opt/airflow/dags/taxi_api_simulation_dag.py
[2025-12-30T18:59:21.123+0000] {processor.py:829} INFO - Processing file /opt/airflow/dags/taxi_api_simulation_dag.py for tasks to queue
[2025-12-30T18:59:21.124+0000] {logging_mixin.py:154} INFO - [2025-12-30T18:59:21.124+0000] {dagbag.py:536} INFO - Filling up the DagBag from /opt/airflow/dags/taxi_api_simulation_dag.py
[2025-12-30T18:59:21.528+0000] {processor.py:839} INFO - DAG(s) dict_keys(['taxi_api_simulation']) retrieved from /opt/airflow/dags/taxi_api_simulation_dag.py
[2025-12-30T18:59:21.561+0000] {logging_mixin.py:154} INFO - [2025-12-30T18:59:21.560+0000] {dag.py:2941} INFO - Sync 1 DAGs
[2025-12-30T18:59:21.589+0000] {logging_mixin.py:154} INFO - [2025-12-30T18:59:21.588+0000] {dag.py:3722} INFO - Setting next_dagrun for taxi_api_simulation to 2025-12-30T18:55:14.877378+00:00, run_after=2025-12-30T19:00:14.877378+00:00
[2025-12-30T18:59:21.615+0000] {processor.py:179} INFO - Processing /opt/airflow/dags/taxi_api_simulation_dag.py took 0.498 seconds
[2025-12-30T18:59:52.182+0000] {processor.py:157} INFO - Started process (PID=1564) to work on /opt/airflow/dags/taxi_api_simulation_dag.py
[2025-12-30T18:59:52.183+0000] {processor.py:829} INFO - Processing file /opt/airflow/dags/taxi_api_simulation_dag.py for tasks to queue
[2025-12-30T18:59:52.183+0000] {logging_mixin.py:154} INFO - [2025-12-30T18:59:52.183+0000] {dagbag.py:536} INFO - Filling up the DagBag from /opt/airflow/dags/taxi_api_simulation_dag.py
[2025-12-30T18:59:52.410+0000] {processor.py:839} INFO - DAG(s) dict_keys(['taxi_api_simulation']) retrieved from /opt/airflow/dags/taxi_api_simulation_dag.py
[2025-12-30T18:59:52.430+0000] {logging_mixin.py:154} INFO - [2025-12-30T18:59:52.430+0000] {dag.py:2941} INFO - Sync 1 DAGs
[2025-12-30T18:59:52.448+0000] {logging_mixin.py:154} INFO - [2025-12-30T18:59:52.448+0000] {dag.py:3722} INFO - Setting next_dagrun for taxi_api_simulation to 2025-12-30T18:55:14.877378+00:00, run_after=2025-12-30T19:00:14.877378+00:00
[2025-12-30T18:59:52.467+0000] {processor.py:179} INFO - Processing /opt/airflow/dags/taxi_api_simulation_dag.py took 0.289 seconds
[2025-12-30T19:00:23.254+0000] {processor.py:157} INFO - Started process (PID=1620) to work on /opt/airflow/dags/taxi_api_simulation_dag.py
[2025-12-30T19:00:23.259+0000] {processor.py:829} INFO - Processing file /opt/airflow/dags/taxi_api_simulation_dag.py for tasks to queue
[2025-12-30T19:00:23.260+0000] {logging_mixin.py:154} INFO - [2025-12-30T19:00:23.259+0000] {dagbag.py:536} INFO - Filling up the DagBag from /opt/airflow/dags/taxi_api_simulation_dag.py
[2025-12-30T19:00:23.874+0000] {processor.py:839} INFO - DAG(s) dict_keys(['taxi_api_simulation']) retrieved from /opt/airflow/dags/taxi_api_simulation_dag.py
[2025-12-30T19:00:23.932+0000] {logging_mixin.py:154} INFO - [2025-12-30T19:00:23.931+0000] {dag.py:2941} INFO - Sync 1 DAGs
[2025-12-30T19:00:23.990+0000] {logging_mixin.py:154} INFO - [2025-12-30T19:00:23.990+0000] {dag.py:3722} INFO - Setting next_dagrun for taxi_api_simulation to 2025-12-30T19:00:14.877378+00:00, run_after=2025-12-30T19:05:14.877378+00:00
[2025-12-30T19:00:24.107+0000] {processor.py:179} INFO - Processing /opt/airflow/dags/taxi_api_simulation_dag.py took 0.860 seconds
[2025-12-30T19:00:54.260+0000] {processor.py:157} INFO - Started process (PID=1652) to work on /opt/airflow/dags/taxi_api_simulation_dag.py
[2025-12-30T19:00:54.262+0000] {processor.py:829} INFO - Processing file /opt/airflow/dags/taxi_api_simulation_dag.py for tasks to queue
[2025-12-30T19:00:54.263+0000] {logging_mixin.py:154} INFO - [2025-12-30T19:00:54.262+0000] {dagbag.py:536} INFO - Filling up the DagBag from /opt/airflow/dags/taxi_api_simulation_dag.py
[2025-12-30T19:00:54.500+0000] {processor.py:839} INFO - DAG(s) dict_keys(['taxi_api_simulation']) retrieved from /opt/airflow/dags/taxi_api_simulation_dag.py
[2025-12-30T19:00:54.524+0000] {logging_mixin.py:154} INFO - [2025-12-30T19:00:54.523+0000] {dag.py:2941} INFO - Sync 1 DAGs
[2025-12-30T19:00:54.543+0000] {logging_mixin.py:154} INFO - [2025-12-30T19:00:54.543+0000] {dag.py:3722} INFO - Setting next_dagrun for taxi_api_simulation to 2025-12-30T19:00:14.877378+00:00, run_after=2025-12-30T19:05:14.877378+00:00
[2025-12-30T19:00:54.578+0000] {processor.py:179} INFO - Processing /opt/airflow/dags/taxi_api_simulation_dag.py took 0.321 seconds
[2025-12-30T19:01:24.979+0000] {processor.py:157} INFO - Started process (PID=1686) to work on /opt/airflow/dags/taxi_api_simulation_dag.py
[2025-12-30T19:01:24.980+0000] {processor.py:829} INFO - Processing file /opt/airflow/dags/taxi_api_simulation_dag.py for tasks to queue
[2025-12-30T19:01:24.981+0000] {logging_mixin.py:154} INFO - [2025-12-30T19:01:24.980+0000] {dagbag.py:536} INFO - Filling up the DagBag from /opt/airflow/dags/taxi_api_simulation_dag.py
[2025-12-30T19:01:25.232+0000] {processor.py:839} INFO - DAG(s) dict_keys(['taxi_api_simulation']) retrieved from /opt/airflow/dags/taxi_api_simulation_dag.py
[2025-12-30T19:01:25.254+0000] {logging_mixin.py:154} INFO - [2025-12-30T19:01:25.254+0000] {dag.py:2941} INFO - Sync 1 DAGs
[2025-12-30T19:01:25.273+0000] {logging_mixin.py:154} INFO - [2025-12-30T19:01:25.273+0000] {dag.py:3722} INFO - Setting next_dagrun for taxi_api_simulation to 2025-12-30T19:00:14.877378+00:00, run_after=2025-12-30T19:05:14.877378+00:00
[2025-12-30T19:01:25.297+0000] {processor.py:179} INFO - Processing /opt/airflow/dags/taxi_api_simulation_dag.py took 0.322 seconds
[2025-12-30T19:01:55.937+0000] {processor.py:157} INFO - Started process (PID=1714) to work on /opt/airflow/dags/taxi_api_simulation_dag.py
[2025-12-30T19:01:55.938+0000] {processor.py:829} INFO - Processing file /opt/airflow/dags/taxi_api_simulation_dag.py for tasks to queue
[2025-12-30T19:01:55.939+0000] {logging_mixin.py:154} INFO - [2025-12-30T19:01:55.938+0000] {dagbag.py:536} INFO - Filling up the DagBag from /opt/airflow/dags/taxi_api_simulation_dag.py
[2025-12-30T19:01:56.288+0000] {processor.py:839} INFO - DAG(s) dict_keys(['taxi_api_simulation']) retrieved from /opt/airflow/dags/taxi_api_simulation_dag.py
[2025-12-30T19:01:56.317+0000] {logging_mixin.py:154} INFO - [2025-12-30T19:01:56.317+0000] {dag.py:2941} INFO - Sync 1 DAGs
[2025-12-30T19:01:56.340+0000] {logging_mixin.py:154} INFO - [2025-12-30T19:01:56.340+0000] {dag.py:3722} INFO - Setting next_dagrun for taxi_api_simulation to 2025-12-30T19:00:14.877378+00:00, run_after=2025-12-30T19:05:14.877378+00:00
[2025-12-30T19:01:56.482+0000] {processor.py:179} INFO - Processing /opt/airflow/dags/taxi_api_simulation_dag.py took 0.553 seconds
[2025-12-30T19:02:27.321+0000] {processor.py:157} INFO - Started process (PID=1747) to work on /opt/airflow/dags/taxi_api_simulation_dag.py
[2025-12-30T19:02:27.322+0000] {processor.py:829} INFO - Processing file /opt/airflow/dags/taxi_api_simulation_dag.py for tasks to queue
[2025-12-30T19:02:27.323+0000] {logging_mixin.py:154} INFO - [2025-12-30T19:02:27.323+0000] {dagbag.py:536} INFO - Filling up the DagBag from /opt/airflow/dags/taxi_api_simulation_dag.py
[2025-12-30T19:02:27.537+0000] {processor.py:839} INFO - DAG(s) dict_keys(['taxi_api_simulation']) retrieved from /opt/airflow/dags/taxi_api_simulation_dag.py
[2025-12-30T19:02:27.558+0000] {logging_mixin.py:154} INFO - [2025-12-30T19:02:27.558+0000] {dag.py:2941} INFO - Sync 1 DAGs
[2025-12-30T19:02:27.575+0000] {logging_mixin.py:154} INFO - [2025-12-30T19:02:27.575+0000] {dag.py:3722} INFO - Setting next_dagrun for taxi_api_simulation to 2025-12-30T19:00:14.877378+00:00, run_after=2025-12-30T19:05:14.877378+00:00
[2025-12-30T19:02:27.701+0000] {processor.py:179} INFO - Processing /opt/airflow/dags/taxi_api_simulation_dag.py took 0.383 seconds
[2025-12-30T19:02:58.569+0000] {processor.py:157} INFO - Started process (PID=1777) to work on /opt/airflow/dags/taxi_api_simulation_dag.py
[2025-12-30T19:02:58.574+0000] {processor.py:829} INFO - Processing file /opt/airflow/dags/taxi_api_simulation_dag.py for tasks to queue
[2025-12-30T19:02:58.576+0000] {logging_mixin.py:154} INFO - [2025-12-30T19:02:58.575+0000] {dagbag.py:536} INFO - Filling up the DagBag from /opt/airflow/dags/taxi_api_simulation_dag.py
[2025-12-30T19:02:59.400+0000] {processor.py:839} INFO - DAG(s) dict_keys(['taxi_api_simulation']) retrieved from /opt/airflow/dags/taxi_api_simulation_dag.py
[2025-12-30T19:02:59.476+0000] {logging_mixin.py:154} INFO - [2025-12-30T19:02:59.475+0000] {dag.py:2941} INFO - Sync 1 DAGs
[2025-12-30T19:02:59.517+0000] {logging_mixin.py:154} INFO - [2025-12-30T19:02:59.517+0000] {dag.py:3722} INFO - Setting next_dagrun for taxi_api_simulation to 2025-12-30T19:00:14.877378+00:00, run_after=2025-12-30T19:05:14.877378+00:00
[2025-12-30T19:02:59.811+0000] {processor.py:179} INFO - Processing /opt/airflow/dags/taxi_api_simulation_dag.py took 1.097 seconds
